2025-02-28 08:49:48,782 - Using device: cpu
2025-02-28 08:49:48,806 - 
Augmentation Configuration:
2025-02-28 08:49:48,806 - Augmentation Type: flip
2025-02-28 08:49:48,806 - Number of Augmentations: 5
2025-02-28 08:49:48,806 - Feature Flip Rate: 0.1
2025-02-28 08:49:48,806 - 
Dataset Information:
2025-02-28 08:49:48,806 - Dataset Name: Cora
2025-02-28 08:49:48,806 - Number of Nodes: 2485
2025-02-28 08:49:48,806 - Number of Edges: 10138
2025-02-28 08:49:48,806 - Number of Features: 1433
2025-02-28 08:49:48,811 - Number of Classes: 7
2025-02-28 08:49:48,812 - 
Partition Statistics:
2025-02-28 08:49:48,813 - Total train+val nodes: 1491
2025-02-28 08:49:48,813 - Shared: 745 nodes
2025-02-28 08:49:48,813 - Candidate: 373 nodes
2025-02-28 08:49:48,813 - Independent: 373 nodes
2025-02-28 08:49:48,813 - Extra test nodes: 373 nodes
2025-02-28 08:49:48,813 - Test set: 497 nodes
2025-02-28 08:49:48,814 - 
Data Leakage Check:
2025-02-28 08:49:48,814 - ✓ No overlap between candidate and independent sets
2025-02-28 08:49:48,814 - 
Training Set Information:
2025-02-28 08:49:48,814 - Model f training on 1118 nodes:
2025-02-28 08:49:48,814 - - 745 shared nodes: [0, 1, 6, 7, 10]...
2025-02-28 08:49:48,814 - - 373 candidate nodes: [1268, 1269, 1270, 1271, 1273]...
2025-02-28 08:49:48,814 - 
Model g training on 1118 nodes:
2025-02-28 08:49:48,814 - - 745 shared nodes: [0, 1, 6, 7, 10]...
2025-02-28 08:49:48,814 - - 373 independent nodes: [1888, 1889, 1890, 1894, 1895]...
2025-02-28 08:49:48,816 - 
Model Architecture Details:
2025-02-28 08:49:48,816 - Model Type: GCN
2025-02-28 08:49:48,816 - Input Features: 1433
2025-02-28 08:49:48,816 - Hidden Dimensions: 32
2025-02-28 08:49:48,816 - Number of Layers: 4
2025-02-28 08:49:48,816 - Output Classes: 7
2025-02-28 08:49:48,816 - Training with seeds: [42, 123, 456]
2025-02-28 08:49:48,817 - 
Training with seed 42
2025-02-28 08:49:49,191 - Seed 42, Epoch 10/100:
2025-02-28 08:49:49,191 - Model f - Loss: 0.7694, Test Acc: 0.7505
2025-02-28 08:49:49,191 - Model g - Loss: 0.8831, Test Acc: 0.7123
2025-02-28 08:49:49,514 - Seed 42, Epoch 20/100:
2025-02-28 08:49:49,515 - Model f - Loss: 0.2353, Test Acc: 0.8652
2025-02-28 08:49:49,515 - Model g - Loss: 0.2710, Test Acc: 0.8511
2025-02-28 08:49:49,821 - Seed 42, Epoch 30/100:
2025-02-28 08:49:49,821 - Model f - Loss: 0.1488, Test Acc: 0.8592
2025-02-28 08:49:49,821 - Model g - Loss: 0.1794, Test Acc: 0.8592
2025-02-28 08:49:50,165 - Seed 42, Epoch 40/100:
2025-02-28 08:49:50,165 - Model f - Loss: 0.0972, Test Acc: 0.8632
2025-02-28 08:49:50,165 - Model g - Loss: 0.1188, Test Acc: 0.8531
2025-02-28 08:49:50,489 - Seed 42, Epoch 50/100:
2025-02-28 08:49:50,490 - Model f - Loss: 0.0746, Test Acc: 0.8571
2025-02-28 08:49:50,490 - Model g - Loss: 0.0919, Test Acc: 0.8632
2025-02-28 08:49:50,826 - Seed 42, Epoch 60/100:
2025-02-28 08:49:50,826 - Model f - Loss: 0.0654, Test Acc: 0.8612
2025-02-28 08:49:50,826 - Model g - Loss: 0.0776, Test Acc: 0.8592
2025-02-28 08:49:51,145 - Seed 42, Epoch 70/100:
2025-02-28 08:49:51,145 - Model f - Loss: 0.0570, Test Acc: 0.8592
2025-02-28 08:49:51,145 - Model g - Loss: 0.0768, Test Acc: 0.8551
2025-02-28 08:49:51,447 - Seed 42, Epoch 80/100:
2025-02-28 08:49:51,448 - Model f - Loss: 0.0501, Test Acc: 0.8592
2025-02-28 08:49:51,448 - Model g - Loss: 0.0655, Test Acc: 0.8571
2025-02-28 08:49:51,749 - Seed 42, Epoch 90/100:
2025-02-28 08:49:51,750 - Model f - Loss: 0.0445, Test Acc: 0.8571
2025-02-28 08:49:51,750 - Model g - Loss: 0.0546, Test Acc: 0.8531
2025-02-28 08:49:52,056 - Seed 42, Epoch 100/100:
2025-02-28 08:49:52,056 - Model f - Loss: 0.0397, Test Acc: 0.8491
2025-02-28 08:49:52,056 - Model g - Loss: 0.0506, Test Acc: 0.8571
2025-02-28 08:49:52,057 - 
Seed 42 Results:
2025-02-28 08:49:52,057 - Best Model f Test Accuracy: 0.8672
2025-02-28 08:49:52,057 - Best Model g Test Accuracy: 0.8672
2025-02-28 08:49:52,057 - 
Training with seed 123
2025-02-28 08:49:52,384 - Seed 123, Epoch 10/100:
2025-02-28 08:49:52,384 - Model f - Loss: 0.7815, Test Acc: 0.7364
2025-02-28 08:49:52,384 - Model g - Loss: 0.9830, Test Acc: 0.6358
2025-02-28 08:49:52,750 - Seed 123, Epoch 20/100:
2025-02-28 08:49:52,750 - Model f - Loss: 0.2201, Test Acc: 0.8712
2025-02-28 08:49:52,750 - Model g - Loss: 0.4054, Test Acc: 0.8249
2025-02-28 08:49:53,085 - Seed 123, Epoch 30/100:
2025-02-28 08:49:53,085 - Model f - Loss: 0.1262, Test Acc: 0.8571
2025-02-28 08:49:53,085 - Model g - Loss: 0.2032, Test Acc: 0.8451
2025-02-28 08:49:53,680 - Seed 123, Epoch 40/100:
2025-02-28 08:49:53,680 - Model f - Loss: 0.0864, Test Acc: 0.8612
2025-02-28 08:49:53,681 - Model g - Loss: 0.1668, Test Acc: 0.8551
2025-02-28 08:49:54,160 - Seed 123, Epoch 50/100:
2025-02-28 08:49:54,160 - Model f - Loss: 0.0678, Test Acc: 0.8592
2025-02-28 08:49:54,160 - Model g - Loss: 0.1221, Test Acc: 0.8612
2025-02-28 08:49:54,460 - Seed 123, Epoch 60/100:
2025-02-28 08:49:54,460 - Model f - Loss: 0.0580, Test Acc: 0.8531
2025-02-28 08:49:54,460 - Model g - Loss: 0.1050, Test Acc: 0.8652
2025-02-28 08:49:54,754 - Seed 123, Epoch 70/100:
2025-02-28 08:49:54,754 - Model f - Loss: 0.0512, Test Acc: 0.8592
2025-02-28 08:49:54,754 - Model g - Loss: 0.0896, Test Acc: 0.8612
2025-02-28 08:49:55,077 - Seed 123, Epoch 80/100:
2025-02-28 08:49:55,077 - Model f - Loss: 0.0451, Test Acc: 0.8531
2025-02-28 08:49:55,077 - Model g - Loss: 0.0777, Test Acc: 0.8652
2025-02-28 08:49:55,377 - Seed 123, Epoch 90/100:
2025-02-28 08:49:55,377 - Model f - Loss: 0.0401, Test Acc: 0.8471
2025-02-28 08:49:55,377 - Model g - Loss: 0.0665, Test Acc: 0.8632
2025-02-28 08:49:55,725 - Seed 123, Epoch 100/100:
2025-02-28 08:49:55,725 - Model f - Loss: 0.0426, Test Acc: 0.8471
2025-02-28 08:49:55,725 - Model g - Loss: 0.0581, Test Acc: 0.8672
2025-02-28 08:49:55,725 - 
Seed 123 Results:
2025-02-28 08:49:55,725 - Best Model f Test Accuracy: 0.8712
2025-02-28 08:49:55,725 - Best Model g Test Accuracy: 0.8672
2025-02-28 08:49:55,726 - 
Training with seed 456
2025-02-28 08:49:56,150 - Seed 456, Epoch 10/100:
2025-02-28 08:49:56,150 - Model f - Loss: 0.7977, Test Acc: 0.7163
2025-02-28 08:49:56,150 - Model g - Loss: 0.9153, Test Acc: 0.7183
2025-02-28 08:49:56,701 - Seed 456, Epoch 20/100:
2025-02-28 08:49:56,701 - Model f - Loss: 0.2289, Test Acc: 0.8652
2025-02-28 08:49:56,701 - Model g - Loss: 0.2796, Test Acc: 0.8531
2025-02-28 08:49:57,011 - Seed 456, Epoch 30/100:
2025-02-28 08:49:57,011 - Model f - Loss: 0.1525, Test Acc: 0.8511
2025-02-28 08:49:57,011 - Model g - Loss: 0.1617, Test Acc: 0.8471
2025-02-28 08:49:57,306 - Seed 456, Epoch 40/100:
2025-02-28 08:49:57,306 - Model f - Loss: 0.0878, Test Acc: 0.8511
2025-02-28 08:49:57,306 - Model g - Loss: 0.1122, Test Acc: 0.8612
2025-02-28 08:49:57,601 - Seed 456, Epoch 50/100:
2025-02-28 08:49:57,601 - Model f - Loss: 0.0723, Test Acc: 0.8612
2025-02-28 08:49:57,601 - Model g - Loss: 0.0894, Test Acc: 0.8672
2025-02-28 08:49:57,947 - Seed 456, Epoch 60/100:
2025-02-28 08:49:57,947 - Model f - Loss: 0.0632, Test Acc: 0.8571
2025-02-28 08:49:57,947 - Model g - Loss: 0.0801, Test Acc: 0.8531
2025-02-28 08:49:58,249 - Seed 456, Epoch 70/100:
2025-02-28 08:49:58,249 - Model f - Loss: 0.0552, Test Acc: 0.8471
2025-02-28 08:49:58,249 - Model g - Loss: 0.0684, Test Acc: 0.8551
2025-02-28 08:49:58,793 - Seed 456, Epoch 80/100:
2025-02-28 08:49:58,794 - Model f - Loss: 0.0490, Test Acc: 0.8390
2025-02-28 08:49:58,794 - Model g - Loss: 0.0615, Test Acc: 0.8592
2025-02-28 08:49:59,140 - Seed 456, Epoch 90/100:
2025-02-28 08:49:59,140 - Model f - Loss: 0.1095, Test Acc: 0.8290
2025-02-28 08:49:59,140 - Model g - Loss: 0.0549, Test Acc: 0.8571
2025-02-28 08:49:59,472 - Seed 456, Epoch 100/100:
2025-02-28 08:49:59,473 - Model f - Loss: 0.0441, Test Acc: 0.8491
2025-02-28 08:49:59,473 - Model g - Loss: 0.0488, Test Acc: 0.8551
2025-02-28 08:49:59,473 - 
Seed 456 Results:
2025-02-28 08:49:59,473 - Best Model f Test Accuracy: 0.8692
2025-02-28 08:49:59,473 - Best Model g Test Accuracy: 0.8732
2025-02-28 08:49:59,473 - 
Overall Results:
2025-02-28 08:49:59,473 - Model f - Avg Test Acc: 0.8692 ± 0.0016
2025-02-28 08:49:59,473 - Model g - Avg Test Acc: 0.8692 ± 0.0028
2025-02-28 08:49:59,476 - 
Saved models closest to mean accuracy:
2025-02-28 08:49:59,476 - Model f - Test Acc: 0.8692
2025-02-28 08:49:59,476 - Model g - Test Acc: 0.8672
2025-02-28 08:49:59,479 - 
Loading saved models...
2025-02-28 08:49:59,489 - Models loaded successfully
2025-02-28 08:49:59,489 - 
Calculating memorization scores...
2025-02-28 08:49:59,489 - 
Using embeddings from: Layer 1
2025-02-28 08:51:07,482 - Average memorization score for shared nodes (layer 1): 0.2290
2025-02-28 08:51:41,288 - Average memorization score for candidate nodes (layer 1): 0.3172
2025-02-28 08:52:15,249 - Average memorization score for independent nodes (layer 1): 0.2436
2025-02-28 08:52:49,118 - Average memorization score for extra nodes (layer 1): 0.2947
2025-02-28 08:52:49,120 - Average memorization score for shared nodes: 0.2290
2025-02-28 08:52:49,120 - Average memorization score for candidate nodes: 0.3172
2025-02-28 08:52:49,120 - Average memorization score for independent nodes: 0.2436
2025-02-28 08:52:49,120 - Average memorization score for extra nodes: 0.2947
2025-02-28 08:52:49,820 - Basic memorization plot saved to: results/Cora/Cora_1emblayerflip_0.1_20250228_085249.png
2025-02-28 08:52:49,820 - 
Running post-hoc analyses...
2025-02-28 08:53:20,364 - 
Analysis Results:
2025-02-28 08:53:20,364 - - Visualization saved to: results/Cora/analysis_20250228_085249/node_visualization.png
2025-02-28 08:53:20,364 - - Score clustering correlation: 0.247
2025-02-28 08:53:20,365 - - Score clustering p-value: 0.000
2025-02-28 08:53:20,365 - 
Node Label Informativeness Analysis:
2025-02-28 08:53:20,365 - 
shared nodes:
2025-02-28 08:53:20,365 -   Average NLI score: 0.267
2025-02-28 08:53:20,365 - 
candidate nodes:
2025-02-28 08:53:20,365 -   Average NLI score: 0.321
2025-02-28 08:53:20,365 - 
independent nodes:
2025-02-28 08:53:20,365 -   Average NLI score: 0.218
2025-02-28 08:53:20,365 - 
extra nodes:
2025-02-28 08:53:20,365 -   Average NLI score: 0.285
2025-02-28 08:53:20,365 - 
NLI-Memorization Correlations:
2025-02-28 08:53:20,365 - shared:
2025-02-28 08:53:20,365 -   Correlation: -0.167
2025-02-28 08:53:20,365 -   P-value: 0.000
2025-02-28 08:53:20,365 - candidate:
2025-02-28 08:53:20,365 -   Correlation: -0.218
2025-02-28 08:53:20,365 -   P-value: 0.000
2025-02-28 08:53:20,365 - independent:
2025-02-28 08:53:20,365 -   Correlation: -0.151
2025-02-28 08:53:20,365 -   P-value: 0.004
2025-02-28 08:53:20,365 - extra:
2025-02-28 08:53:20,365 -   Correlation: -0.307
2025-02-28 08:53:20,365 -   P-value: 0.000
2025-02-28 08:53:20,365 - 
Structural Properties Analysis:
2025-02-28 08:53:20,365 - 
shared nodes:
2025-02-28 08:53:20,365 -   degree:
2025-02-28 08:53:20,365 -     Mean: 4.169
2025-02-28 08:53:20,365 -     Std:  6.925
2025-02-28 08:53:20,365 -     Median: 3.000
2025-02-28 08:53:20,365 -   clustering:
2025-02-28 08:53:20,365 -     Mean: 0.238
2025-02-28 08:53:20,365 -     Std:  0.309
2025-02-28 08:53:20,365 -     Median: 0.100
2025-02-28 08:53:20,365 -   betweenness:
2025-02-28 08:53:20,365 -     Mean: 0.002
2025-02-28 08:53:20,365 -     Std:  0.011
2025-02-28 08:53:20,365 -     Median: 0.001
2025-02-28 08:53:20,365 -   neighborhood_diversity:
2025-02-28 08:53:20,365 -     Mean: 0.629
2025-02-28 08:53:20,365 -     Std:  0.274
2025-02-28 08:53:20,365 -     Median: 0.500
2025-02-28 08:53:20,365 -   memorization_scores:
2025-02-28 08:53:20,366 -     Mean: 0.229
2025-02-28 08:53:20,366 -     Std:  0.131
2025-02-28 08:53:20,366 -     Median: 0.211
2025-02-28 08:53:20,366 -   neighborhood_memorization:
2025-02-28 08:53:20,366 -     Mean: 0.270
2025-02-28 08:53:20,366 -     Std:  0.109
2025-02-28 08:53:20,366 -     Median: 0.251
2025-02-28 08:53:20,366 - 
candidate nodes:
2025-02-28 08:53:20,366 -   degree:
2025-02-28 08:53:20,366 -     Mean: 4.308
2025-02-28 08:53:20,366 -     Std:  5.065
2025-02-28 08:53:20,366 -     Median: 3.000
2025-02-28 08:53:20,366 -   clustering:
2025-02-28 08:53:20,366 -     Mean: 0.275
2025-02-28 08:53:20,366 -     Std:  0.328
2025-02-28 08:53:20,366 -     Median: 0.167
2025-02-28 08:53:20,366 -   betweenness:
2025-02-28 08:53:20,366 -     Mean: 0.002
2025-02-28 08:53:20,366 -     Std:  0.007
2025-02-28 08:53:20,366 -     Median: 0.001
2025-02-28 08:53:20,366 -   neighborhood_diversity:
2025-02-28 08:53:20,366 -     Mean: 0.651
2025-02-28 08:53:20,366 -     Std:  0.276
2025-02-28 08:53:20,366 -     Median: 0.500
2025-02-28 08:53:20,366 -   memorization_scores:
2025-02-28 08:53:20,366 -     Mean: 0.317
2025-02-28 08:53:20,366 -     Std:  0.171
2025-02-28 08:53:20,366 -     Median: 0.288
2025-02-28 08:53:20,366 -   neighborhood_memorization:
2025-02-28 08:53:20,366 -     Mean: 0.267
2025-02-28 08:53:20,366 -     Std:  0.111
2025-02-28 08:53:20,366 -     Median: 0.242
2025-02-28 08:53:20,366 - 
independent nodes:
2025-02-28 08:53:20,366 -   degree:
2025-02-28 08:53:20,366 -     Mean: 3.424
2025-02-28 08:53:20,366 -     Std:  3.118
2025-02-28 08:53:20,366 -     Median: 3.000
2025-02-28 08:53:20,366 -   clustering:
2025-02-28 08:53:20,366 -     Mean: 0.228
2025-02-28 08:53:20,366 -     Std:  0.331
2025-02-28 08:53:20,366 -     Median: 0.000
2025-02-28 08:53:20,366 -   betweenness:
2025-02-28 08:53:20,367 -     Mean: 0.001
2025-02-28 08:53:20,367 -     Std:  0.006
2025-02-28 08:53:20,367 -     Median: 0.000
2025-02-28 08:53:20,367 -   neighborhood_diversity:
2025-02-28 08:53:20,367 -     Mean: 0.567
2025-02-28 08:53:20,367 -     Std:  0.264
2025-02-28 08:53:20,367 -     Median: 0.500
2025-02-28 08:53:20,367 -   memorization_scores:
2025-02-28 08:53:20,367 -     Mean: 0.244
2025-02-28 08:53:20,367 -     Std:  0.143
2025-02-28 08:53:20,367 -     Median: 0.225
2025-02-28 08:53:20,367 -   neighborhood_memorization:
2025-02-28 08:53:20,367 -     Mean: 0.268
2025-02-28 08:53:20,367 -     Std:  0.114
2025-02-28 08:53:20,367 -     Median: 0.253
2025-02-28 08:53:20,367 - 
extra nodes:
2025-02-28 08:53:20,367 -   degree:
2025-02-28 08:53:20,367 -     Mean: 4.517
2025-02-28 08:53:20,367 -     Std:  5.166
2025-02-28 08:53:20,367 -     Median: 3.000
2025-02-28 08:53:20,367 -   clustering:
2025-02-28 08:53:20,367 -     Mean: 0.229
2025-02-28 08:53:20,367 -     Std:  0.298
2025-02-28 08:53:20,367 -     Median: 0.125
2025-02-28 08:53:20,367 -   betweenness:
2025-02-28 08:53:20,367 -     Mean: 0.003
2025-02-28 08:53:20,367 -     Std:  0.010
2025-02-28 08:53:20,367 -     Median: 0.001
2025-02-28 08:53:20,367 -   neighborhood_diversity:
2025-02-28 08:53:20,367 -     Mean: 0.635
2025-02-28 08:53:20,367 -     Std:  0.280
2025-02-28 08:53:20,367 -     Median: 0.500
2025-02-28 08:53:20,367 -   memorization_scores:
2025-02-28 08:53:20,367 -     Mean: 0.295
2025-02-28 08:53:20,367 -     Std:  0.154
2025-02-28 08:53:20,367 -     Median: 0.271
2025-02-28 08:53:20,367 -   neighborhood_memorization:
2025-02-28 08:53:20,367 -     Mean: 0.282
2025-02-28 08:53:20,367 -     Std:  0.127
2025-02-28 08:53:20,367 -     Median: 0.249
2025-02-28 08:53:20,367 - 
Statistical Test Results:
2025-02-28 08:53:20,367 - 
shared_vs_candidate:
2025-02-28 08:53:20,367 -   t-statistic: -9.554
2025-02-28 08:53:20,367 -   p-value: 0.000
2025-02-28 08:53:20,368 -   effect size (Cohen's d): 0.580
2025-02-28 08:53:20,368 -   mean difference: -0.088
2025-02-28 08:53:20,368 - 
shared_vs_independent:
2025-02-28 08:53:20,368 -   t-statistic: -1.704
2025-02-28 08:53:20,368 -   p-value: 0.089
2025-02-28 08:53:20,368 -   effect size (Cohen's d): 0.107
2025-02-28 08:53:20,368 -   mean difference: -0.015
2025-02-28 08:53:20,368 - 
shared_vs_extra:
2025-02-28 08:53:20,368 -   t-statistic: -7.434
2025-02-28 08:53:20,368 -   p-value: 0.000
2025-02-28 08:53:20,368 -   effect size (Cohen's d): 0.459
2025-02-28 08:53:20,368 -   mean difference: -0.066
2025-02-28 08:53:20,368 - 
candidate_vs_independent:
2025-02-28 08:53:20,368 -   t-statistic: 6.366
2025-02-28 08:53:20,368 -   p-value: 0.000
2025-02-28 08:53:20,368 -   effect size (Cohen's d): 0.467
2025-02-28 08:53:20,368 -   mean difference: 0.074
2025-02-28 08:53:20,368 - 
candidate_vs_extra:
2025-02-28 08:53:20,368 -   t-statistic: 1.884
2025-02-28 08:53:20,368 -   p-value: 0.060
2025-02-28 08:53:20,368 -   effect size (Cohen's d): 0.138
2025-02-28 08:53:20,368 -   mean difference: 0.022
2025-02-28 08:53:20,368 - 
independent_vs_extra:
2025-02-28 08:53:20,368 -   t-statistic: -4.676
2025-02-28 08:53:20,368 -   p-value: 0.000
2025-02-28 08:53:20,368 -   effect size (Cohen's d): 0.343
2025-02-28 08:53:20,368 -   mean difference: -0.051
2025-02-28 08:53:20,368 - 
Memorization score decay with distance from candidate nodes:
2025-02-28 08:53:20,368 -   Distance 1: 0.249
2025-02-28 08:53:20,368 -   Distance 2: 0.216
2025-02-28 08:53:20,368 -   Distance 3: 0.235
2025-02-28 08:53:20,368 -   Distance 4: 0.232
2025-02-28 08:53:20,368 -   Distance 5: 0.251
