2025-02-28 08:29:18,863 - Using device: cpu
2025-02-28 08:29:18,884 - 
Augmentation Configuration:
2025-02-28 08:29:18,884 - Augmentation Type: flip
2025-02-28 08:29:18,884 - Number of Augmentations: 5
2025-02-28 08:29:18,884 - Feature Flip Rate: 0.09
2025-02-28 08:29:18,884 - 
Dataset Information:
2025-02-28 08:29:18,884 - Dataset Name: Cora
2025-02-28 08:29:18,884 - Number of Nodes: 2485
2025-02-28 08:29:18,884 - Number of Edges: 10138
2025-02-28 08:29:18,884 - Number of Features: 1433
2025-02-28 08:29:18,888 - Number of Classes: 7
2025-02-28 08:29:18,888 - 
Partition Statistics:
2025-02-28 08:29:18,890 - Total train+val nodes: 1491
2025-02-28 08:29:18,890 - Shared: 745 nodes
2025-02-28 08:29:18,890 - Candidate: 373 nodes
2025-02-28 08:29:18,890 - Independent: 373 nodes
2025-02-28 08:29:18,890 - Extra test nodes: 373 nodes
2025-02-28 08:29:18,890 - Test set: 497 nodes
2025-02-28 08:29:18,890 - 
Data Leakage Check:
2025-02-28 08:29:18,891 - ✓ No overlap between candidate and independent sets
2025-02-28 08:29:18,891 - 
Training Set Information:
2025-02-28 08:29:18,891 - Model f training on 1118 nodes:
2025-02-28 08:29:18,891 - - 745 shared nodes: [0, 1, 6, 7, 10]...
2025-02-28 08:29:18,891 - - 373 candidate nodes: [1268, 1269, 1270, 1271, 1273]...
2025-02-28 08:29:18,891 - 
Model g training on 1118 nodes:
2025-02-28 08:29:18,891 - - 745 shared nodes: [0, 1, 6, 7, 10]...
2025-02-28 08:29:18,891 - - 373 independent nodes: [1888, 1889, 1890, 1894, 1895]...
2025-02-28 08:29:18,893 - 
Model Architecture Details:
2025-02-28 08:29:18,893 - Model Type: GCN
2025-02-28 08:29:18,893 - Input Features: 1433
2025-02-28 08:29:18,893 - Hidden Dimensions: 32
2025-02-28 08:29:18,893 - Number of Layers: 4
2025-02-28 08:29:18,893 - Output Classes: 7
2025-02-28 08:29:18,893 - Training with seeds: [42, 123, 456]
2025-02-28 08:29:18,893 - 
Training with seed 42
2025-02-28 08:29:19,310 - Seed 42, Epoch 10/100:
2025-02-28 08:29:19,310 - Model f - Loss: 0.7694, Test Acc: 0.7505
2025-02-28 08:29:19,310 - Model g - Loss: 0.8831, Test Acc: 0.7123
2025-02-28 08:29:19,620 - Seed 42, Epoch 20/100:
2025-02-28 08:29:19,621 - Model f - Loss: 0.2353, Test Acc: 0.8652
2025-02-28 08:29:19,621 - Model g - Loss: 0.2710, Test Acc: 0.8511
2025-02-28 08:29:19,943 - Seed 42, Epoch 30/100:
2025-02-28 08:29:19,943 - Model f - Loss: 0.1488, Test Acc: 0.8592
2025-02-28 08:29:19,943 - Model g - Loss: 0.1794, Test Acc: 0.8592
2025-02-28 08:29:20,282 - Seed 42, Epoch 40/100:
2025-02-28 08:29:20,282 - Model f - Loss: 0.0972, Test Acc: 0.8632
2025-02-28 08:29:20,282 - Model g - Loss: 0.1188, Test Acc: 0.8531
2025-02-28 08:29:20,672 - Seed 42, Epoch 50/100:
2025-02-28 08:29:20,672 - Model f - Loss: 0.0746, Test Acc: 0.8571
2025-02-28 08:29:20,672 - Model g - Loss: 0.0919, Test Acc: 0.8632
2025-02-28 08:29:21,112 - Seed 42, Epoch 60/100:
2025-02-28 08:29:21,112 - Model f - Loss: 0.0654, Test Acc: 0.8612
2025-02-28 08:29:21,112 - Model g - Loss: 0.0776, Test Acc: 0.8592
2025-02-28 08:29:21,561 - Seed 42, Epoch 70/100:
2025-02-28 08:29:21,561 - Model f - Loss: 0.0570, Test Acc: 0.8592
2025-02-28 08:29:21,561 - Model g - Loss: 0.0768, Test Acc: 0.8551
2025-02-28 08:29:21,963 - Seed 42, Epoch 80/100:
2025-02-28 08:29:21,963 - Model f - Loss: 0.0501, Test Acc: 0.8592
2025-02-28 08:29:21,963 - Model g - Loss: 0.0655, Test Acc: 0.8571
2025-02-28 08:29:22,323 - Seed 42, Epoch 90/100:
2025-02-28 08:29:22,323 - Model f - Loss: 0.0445, Test Acc: 0.8571
2025-02-28 08:29:22,323 - Model g - Loss: 0.0546, Test Acc: 0.8531
2025-02-28 08:29:22,727 - Seed 42, Epoch 100/100:
2025-02-28 08:29:22,728 - Model f - Loss: 0.0397, Test Acc: 0.8491
2025-02-28 08:29:22,728 - Model g - Loss: 0.0506, Test Acc: 0.8571
2025-02-28 08:29:22,728 - 
Seed 42 Results:
2025-02-28 08:29:22,728 - Best Model f Test Accuracy: 0.8672
2025-02-28 08:29:22,728 - Best Model g Test Accuracy: 0.8672
2025-02-28 08:29:22,728 - 
Training with seed 123
2025-02-28 08:29:23,142 - Seed 123, Epoch 10/100:
2025-02-28 08:29:23,143 - Model f - Loss: 0.7815, Test Acc: 0.7364
2025-02-28 08:29:23,143 - Model g - Loss: 0.9830, Test Acc: 0.6358
2025-02-28 08:29:23,710 - Seed 123, Epoch 20/100:
2025-02-28 08:29:23,710 - Model f - Loss: 0.2201, Test Acc: 0.8712
2025-02-28 08:29:23,710 - Model g - Loss: 0.4054, Test Acc: 0.8249
2025-02-28 08:29:24,287 - Seed 123, Epoch 30/100:
2025-02-28 08:29:24,287 - Model f - Loss: 0.1262, Test Acc: 0.8571
2025-02-28 08:29:24,287 - Model g - Loss: 0.2032, Test Acc: 0.8451
2025-02-28 08:29:24,655 - Seed 123, Epoch 40/100:
2025-02-28 08:29:24,655 - Model f - Loss: 0.0864, Test Acc: 0.8612
2025-02-28 08:29:24,655 - Model g - Loss: 0.1668, Test Acc: 0.8551
2025-02-28 08:29:24,963 - Seed 123, Epoch 50/100:
2025-02-28 08:29:24,963 - Model f - Loss: 0.0678, Test Acc: 0.8592
2025-02-28 08:29:24,963 - Model g - Loss: 0.1221, Test Acc: 0.8612
2025-02-28 08:29:25,272 - Seed 123, Epoch 60/100:
2025-02-28 08:29:25,272 - Model f - Loss: 0.0580, Test Acc: 0.8531
2025-02-28 08:29:25,272 - Model g - Loss: 0.1050, Test Acc: 0.8652
2025-02-28 08:29:25,588 - Seed 123, Epoch 70/100:
2025-02-28 08:29:25,588 - Model f - Loss: 0.0512, Test Acc: 0.8592
2025-02-28 08:29:25,588 - Model g - Loss: 0.0896, Test Acc: 0.8612
2025-02-28 08:29:25,951 - Seed 123, Epoch 80/100:
2025-02-28 08:29:25,951 - Model f - Loss: 0.0451, Test Acc: 0.8531
2025-02-28 08:29:25,951 - Model g - Loss: 0.0777, Test Acc: 0.8652
2025-02-28 08:29:26,273 - Seed 123, Epoch 90/100:
2025-02-28 08:29:26,273 - Model f - Loss: 0.0401, Test Acc: 0.8471
2025-02-28 08:29:26,273 - Model g - Loss: 0.0665, Test Acc: 0.8632
2025-02-28 08:29:26,860 - Seed 123, Epoch 100/100:
2025-02-28 08:29:26,860 - Model f - Loss: 0.0426, Test Acc: 0.8471
2025-02-28 08:29:26,860 - Model g - Loss: 0.0581, Test Acc: 0.8672
2025-02-28 08:29:26,860 - 
Seed 123 Results:
2025-02-28 08:29:26,860 - Best Model f Test Accuracy: 0.8712
2025-02-28 08:29:26,860 - Best Model g Test Accuracy: 0.8672
2025-02-28 08:29:26,860 - 
Training with seed 456
2025-02-28 08:29:27,343 - Seed 456, Epoch 10/100:
2025-02-28 08:29:27,343 - Model f - Loss: 0.7977, Test Acc: 0.7163
2025-02-28 08:29:27,343 - Model g - Loss: 0.9153, Test Acc: 0.7183
2025-02-28 08:29:27,661 - Seed 456, Epoch 20/100:
2025-02-28 08:29:27,662 - Model f - Loss: 0.2289, Test Acc: 0.8652
2025-02-28 08:29:27,662 - Model g - Loss: 0.2796, Test Acc: 0.8531
2025-02-28 08:29:27,974 - Seed 456, Epoch 30/100:
2025-02-28 08:29:27,974 - Model f - Loss: 0.1525, Test Acc: 0.8511
2025-02-28 08:29:27,974 - Model g - Loss: 0.1617, Test Acc: 0.8471
2025-02-28 08:29:28,287 - Seed 456, Epoch 40/100:
2025-02-28 08:29:28,287 - Model f - Loss: 0.0878, Test Acc: 0.8511
2025-02-28 08:29:28,287 - Model g - Loss: 0.1122, Test Acc: 0.8612
2025-02-28 08:29:28,599 - Seed 456, Epoch 50/100:
2025-02-28 08:29:28,599 - Model f - Loss: 0.0723, Test Acc: 0.8612
2025-02-28 08:29:28,599 - Model g - Loss: 0.0894, Test Acc: 0.8672
2025-02-28 08:29:28,963 - Seed 456, Epoch 60/100:
2025-02-28 08:29:28,963 - Model f - Loss: 0.0632, Test Acc: 0.8571
2025-02-28 08:29:28,963 - Model g - Loss: 0.0801, Test Acc: 0.8531
2025-02-28 08:29:29,419 - Seed 456, Epoch 70/100:
2025-02-28 08:29:29,419 - Model f - Loss: 0.0552, Test Acc: 0.8471
2025-02-28 08:29:29,419 - Model g - Loss: 0.0684, Test Acc: 0.8551
2025-02-28 08:29:29,724 - Seed 456, Epoch 80/100:
2025-02-28 08:29:29,724 - Model f - Loss: 0.0490, Test Acc: 0.8390
2025-02-28 08:29:29,724 - Model g - Loss: 0.0615, Test Acc: 0.8592
2025-02-28 08:29:30,043 - Seed 456, Epoch 90/100:
2025-02-28 08:29:30,043 - Model f - Loss: 0.1095, Test Acc: 0.8290
2025-02-28 08:29:30,043 - Model g - Loss: 0.0549, Test Acc: 0.8571
2025-02-28 08:29:30,423 - Seed 456, Epoch 100/100:
2025-02-28 08:29:30,424 - Model f - Loss: 0.0441, Test Acc: 0.8491
2025-02-28 08:29:30,424 - Model g - Loss: 0.0488, Test Acc: 0.8551
2025-02-28 08:29:30,424 - 
Seed 456 Results:
2025-02-28 08:29:30,424 - Best Model f Test Accuracy: 0.8692
2025-02-28 08:29:30,424 - Best Model g Test Accuracy: 0.8732
2025-02-28 08:29:30,424 - 
Overall Results:
2025-02-28 08:29:30,424 - Model f - Avg Test Acc: 0.8692 ± 0.0016
2025-02-28 08:29:30,424 - Model g - Avg Test Acc: 0.8692 ± 0.0028
2025-02-28 08:29:30,428 - 
Saved models closest to mean accuracy:
2025-02-28 08:29:30,429 - Model f - Test Acc: 0.8692
2025-02-28 08:29:30,429 - Model g - Test Acc: 0.8672
2025-02-28 08:29:30,432 - 
Loading saved models...
2025-02-28 08:29:30,450 - Models loaded successfully
2025-02-28 08:29:30,450 - 
Calculating memorization scores...
2025-02-28 08:29:30,450 - 
Using embeddings from: Layer 1
2025-02-28 08:30:39,358 - Average memorization score for shared nodes (layer 1): 0.1999
2025-02-28 08:31:13,526 - Average memorization score for candidate nodes (layer 1): 0.3047
2025-02-28 08:31:47,496 - Average memorization score for independent nodes (layer 1): 0.2166
2025-02-28 08:32:21,413 - Average memorization score for extra nodes (layer 1): 0.2790
2025-02-28 08:32:21,415 - Average memorization score for shared nodes: 0.1999
2025-02-28 08:32:21,416 - Average memorization score for candidate nodes: 0.3047
2025-02-28 08:32:21,416 - Average memorization score for independent nodes: 0.2166
2025-02-28 08:32:21,416 - Average memorization score for extra nodes: 0.2790
2025-02-28 08:32:22,107 - Basic memorization plot saved to: results/Cora/Cora_1emblayerflip_0.09_20250228_083221.png
2025-02-28 08:32:22,107 - 
Running post-hoc analyses...
2025-02-28 08:32:52,890 - 
Analysis Results:
2025-02-28 08:32:52,890 - - Visualization saved to: results/Cora/analysis_20250228_083221/node_visualization.png
2025-02-28 08:32:52,890 - - Score clustering correlation: 0.220
2025-02-28 08:32:52,890 - - Score clustering p-value: 0.000
2025-02-28 08:32:52,890 - 
Node Label Informativeness Analysis:
2025-02-28 08:32:52,890 - 
shared nodes:
2025-02-28 08:32:52,890 -   Average NLI score: 0.267
2025-02-28 08:32:52,890 - 
candidate nodes:
2025-02-28 08:32:52,890 -   Average NLI score: 0.321
2025-02-28 08:32:52,891 - 
independent nodes:
2025-02-28 08:32:52,891 -   Average NLI score: 0.218
2025-02-28 08:32:52,891 - 
extra nodes:
2025-02-28 08:32:52,891 -   Average NLI score: 0.285
2025-02-28 08:32:52,891 - 
NLI-Memorization Correlations:
2025-02-28 08:32:52,891 - shared:
2025-02-28 08:32:52,891 -   Correlation: -0.155
2025-02-28 08:32:52,891 -   P-value: 0.000
2025-02-28 08:32:52,891 - candidate:
2025-02-28 08:32:52,891 -   Correlation: -0.213
2025-02-28 08:32:52,891 -   P-value: 0.000
2025-02-28 08:32:52,891 - independent:
2025-02-28 08:32:52,891 -   Correlation: -0.145
2025-02-28 08:32:52,891 -   P-value: 0.005
2025-02-28 08:32:52,891 - extra:
2025-02-28 08:32:52,891 -   Correlation: -0.321
2025-02-28 08:32:52,891 -   P-value: 0.000
2025-02-28 08:32:52,891 - 
Structural Properties Analysis:
2025-02-28 08:32:52,891 - 
shared nodes:
2025-02-28 08:32:52,891 -   degree:
2025-02-28 08:32:52,891 -     Mean: 4.169
2025-02-28 08:32:52,891 -     Std:  6.925
2025-02-28 08:32:52,891 -     Median: 3.000
2025-02-28 08:32:52,891 -   clustering:
2025-02-28 08:32:52,891 -     Mean: 0.238
2025-02-28 08:32:52,891 -     Std:  0.309
2025-02-28 08:32:52,891 -     Median: 0.100
2025-02-28 08:32:52,891 -   betweenness:
2025-02-28 08:32:52,891 -     Mean: 0.002
2025-02-28 08:32:52,891 -     Std:  0.011
2025-02-28 08:32:52,891 -     Median: 0.001
2025-02-28 08:32:52,891 -   neighborhood_diversity:
2025-02-28 08:32:52,891 -     Mean: 0.629
2025-02-28 08:32:52,891 -     Std:  0.274
2025-02-28 08:32:52,891 -     Median: 0.500
2025-02-28 08:32:52,891 -   memorization_scores:
2025-02-28 08:32:52,891 -     Mean: 0.200
2025-02-28 08:32:52,891 -     Std:  0.119
2025-02-28 08:32:52,891 -     Median: 0.184
2025-02-28 08:32:52,891 -   neighborhood_memorization:
2025-02-28 08:32:52,891 -     Mean: 0.248
2025-02-28 08:32:52,891 -     Std:  0.112
2025-02-28 08:32:52,891 -     Median: 0.227
2025-02-28 08:32:52,891 - 
candidate nodes:
2025-02-28 08:32:52,891 -   degree:
2025-02-28 08:32:52,891 -     Mean: 4.308
2025-02-28 08:32:52,891 -     Std:  5.065
2025-02-28 08:32:52,892 -     Median: 3.000
2025-02-28 08:32:52,892 -   clustering:
2025-02-28 08:32:52,892 -     Mean: 0.275
2025-02-28 08:32:52,892 -     Std:  0.328
2025-02-28 08:32:52,892 -     Median: 0.167
2025-02-28 08:32:52,892 -   betweenness:
2025-02-28 08:32:52,892 -     Mean: 0.002
2025-02-28 08:32:52,892 -     Std:  0.007
2025-02-28 08:32:52,892 -     Median: 0.001
2025-02-28 08:32:52,892 -   neighborhood_diversity:
2025-02-28 08:32:52,892 -     Mean: 0.651
2025-02-28 08:32:52,892 -     Std:  0.276
2025-02-28 08:32:52,892 -     Median: 0.500
2025-02-28 08:32:52,892 -   memorization_scores:
2025-02-28 08:32:52,892 -     Mean: 0.305
2025-02-28 08:32:52,892 -     Std:  0.175
2025-02-28 08:32:52,892 -     Median: 0.271
2025-02-28 08:32:52,892 -   neighborhood_memorization:
2025-02-28 08:32:52,892 -     Mean: 0.248
2025-02-28 08:32:52,892 -     Std:  0.117
2025-02-28 08:32:52,892 -     Median: 0.221
2025-02-28 08:32:52,892 - 
independent nodes:
2025-02-28 08:32:52,892 -   degree:
2025-02-28 08:32:52,892 -     Mean: 3.424
2025-02-28 08:32:52,892 -     Std:  3.118
2025-02-28 08:32:52,892 -     Median: 3.000
2025-02-28 08:32:52,892 -   clustering:
2025-02-28 08:32:52,892 -     Mean: 0.228
2025-02-28 08:32:52,892 -     Std:  0.331
2025-02-28 08:32:52,892 -     Median: 0.000
2025-02-28 08:32:52,892 -   betweenness:
2025-02-28 08:32:52,892 -     Mean: 0.001
2025-02-28 08:32:52,892 -     Std:  0.006
2025-02-28 08:32:52,892 -     Median: 0.000
2025-02-28 08:32:52,892 -   neighborhood_diversity:
2025-02-28 08:32:52,892 -     Mean: 0.567
2025-02-28 08:32:52,892 -     Std:  0.264
2025-02-28 08:32:52,892 -     Median: 0.500
2025-02-28 08:32:52,892 -   memorization_scores:
2025-02-28 08:32:52,892 -     Mean: 0.217
2025-02-28 08:32:52,892 -     Std:  0.130
2025-02-28 08:32:52,892 -     Median: 0.200
2025-02-28 08:32:52,892 -   neighborhood_memorization:
2025-02-28 08:32:52,892 -     Mean: 0.242
2025-02-28 08:32:52,892 -     Std:  0.114
2025-02-28 08:32:52,892 -     Median: 0.224
2025-02-28 08:32:52,892 - 
extra nodes:
2025-02-28 08:32:52,892 -   degree:
2025-02-28 08:32:52,892 -     Mean: 4.517
2025-02-28 08:32:52,892 -     Std:  5.166
2025-02-28 08:32:52,892 -     Median: 3.000
2025-02-28 08:32:52,892 -   clustering:
2025-02-28 08:32:52,893 -     Mean: 0.229
2025-02-28 08:32:52,893 -     Std:  0.298
2025-02-28 08:32:52,893 -     Median: 0.125
2025-02-28 08:32:52,893 -   betweenness:
2025-02-28 08:32:52,893 -     Mean: 0.003
2025-02-28 08:32:52,893 -     Std:  0.010
2025-02-28 08:32:52,893 -     Median: 0.001
2025-02-28 08:32:52,893 -   neighborhood_diversity:
2025-02-28 08:32:52,893 -     Mean: 0.635
2025-02-28 08:32:52,893 -     Std:  0.280
2025-02-28 08:32:52,893 -     Median: 0.500
2025-02-28 08:32:52,893 -   memorization_scores:
2025-02-28 08:32:52,893 -     Mean: 0.279
2025-02-28 08:32:52,893 -     Std:  0.157
2025-02-28 08:32:52,893 -     Median: 0.251
2025-02-28 08:32:52,893 -   neighborhood_memorization:
2025-02-28 08:32:52,893 -     Mean: 0.260
2025-02-28 08:32:52,893 -     Std:  0.128
2025-02-28 08:32:52,893 -     Median: 0.226
2025-02-28 08:32:52,893 - 
Statistical Test Results:
2025-02-28 08:32:52,893 - 
shared_vs_candidate:
2025-02-28 08:32:52,893 -   t-statistic: -11.745
2025-02-28 08:32:52,893 -   p-value: 0.000
2025-02-28 08:32:52,893 -   effect size (Cohen's d): 0.699
2025-02-28 08:32:52,893 -   mean difference: -0.105
2025-02-28 08:32:52,893 - 
shared_vs_independent:
2025-02-28 08:32:52,893 -   t-statistic: -2.138
2025-02-28 08:32:52,893 -   p-value: 0.033
2025-02-28 08:32:52,893 -   effect size (Cohen's d): 0.134
2025-02-28 08:32:52,893 -   mean difference: -0.017
2025-02-28 08:32:52,893 - 
shared_vs_extra:
2025-02-28 08:32:52,893 -   t-statistic: -9.365
2025-02-28 08:32:52,893 -   p-value: 0.000
2025-02-28 08:32:52,893 -   effect size (Cohen's d): 0.567
2025-02-28 08:32:52,893 -   mean difference: -0.079
2025-02-28 08:32:52,893 - 
candidate_vs_independent:
2025-02-28 08:32:52,893 -   t-statistic: 7.779
2025-02-28 08:32:52,893 -   p-value: 0.000
2025-02-28 08:32:52,893 -   effect size (Cohen's d): 0.570
2025-02-28 08:32:52,893 -   mean difference: 0.088
2025-02-28 08:32:52,893 - 
candidate_vs_extra:
2025-02-28 08:32:52,893 -   t-statistic: 2.098
2025-02-28 08:32:52,893 -   p-value: 0.036
2025-02-28 08:32:52,893 -   effect size (Cohen's d): 0.154
2025-02-28 08:32:52,893 -   mean difference: 0.026
2025-02-28 08:32:52,893 - 
independent_vs_extra:
2025-02-28 08:32:52,893 -   t-statistic: -5.903
2025-02-28 08:32:52,893 -   p-value: 0.000
2025-02-28 08:32:52,893 -   effect size (Cohen's d): 0.433
2025-02-28 08:32:52,894 -   mean difference: -0.062
2025-02-28 08:32:52,894 - 
Memorization score decay with distance from candidate nodes:
2025-02-28 08:32:52,894 -   Distance 1: 0.228
2025-02-28 08:32:52,894 -   Distance 2: 0.200
2025-02-28 08:32:52,894 -   Distance 3: 0.216
2025-02-28 08:32:52,894 -   Distance 4: 0.213
2025-02-28 08:32:52,894 -   Distance 5: 0.229
