2025-02-28 08:37:14,357 - Using device: cpu
2025-02-28 08:37:14,386 - 
Augmentation Configuration:
2025-02-28 08:37:14,386 - Augmentation Type: flip
2025-02-28 08:37:14,386 - Number of Augmentations: 5
2025-02-28 08:37:14,386 - Feature Flip Rate: 0.09
2025-02-28 08:37:14,386 - 
Dataset Information:
2025-02-28 08:37:14,386 - Dataset Name: Cora
2025-02-28 08:37:14,386 - Number of Nodes: 2485
2025-02-28 08:37:14,386 - Number of Edges: 10138
2025-02-28 08:37:14,386 - Number of Features: 1433
2025-02-28 08:37:14,390 - Number of Classes: 7
2025-02-28 08:37:14,392 - 
Partition Statistics:
2025-02-28 08:37:14,395 - Total train+val nodes: 1491
2025-02-28 08:37:14,395 - Shared: 745 nodes
2025-02-28 08:37:14,395 - Candidate: 373 nodes
2025-02-28 08:37:14,395 - Independent: 373 nodes
2025-02-28 08:37:14,395 - Extra test nodes: 373 nodes
2025-02-28 08:37:14,395 - Test set: 497 nodes
2025-02-28 08:37:14,396 - 
Data Leakage Check:
2025-02-28 08:37:14,396 - ✓ No overlap between candidate and independent sets
2025-02-28 08:37:14,396 - 
Training Set Information:
2025-02-28 08:37:14,396 - Model f training on 1118 nodes:
2025-02-28 08:37:14,396 - - 745 shared nodes: [0, 1, 6, 7, 10]...
2025-02-28 08:37:14,396 - - 373 candidate nodes: [1268, 1269, 1270, 1271, 1273]...
2025-02-28 08:37:14,396 - 
Model g training on 1118 nodes:
2025-02-28 08:37:14,396 - - 745 shared nodes: [0, 1, 6, 7, 10]...
2025-02-28 08:37:14,396 - - 373 independent nodes: [1888, 1889, 1890, 1894, 1895]...
2025-02-28 08:37:14,399 - 
Model Architecture Details:
2025-02-28 08:37:14,399 - Model Type: GCN
2025-02-28 08:37:14,399 - Input Features: 1433
2025-02-28 08:37:14,399 - Hidden Dimensions: 32
2025-02-28 08:37:14,399 - Number of Layers: 4
2025-02-28 08:37:14,399 - Output Classes: 7
2025-02-28 08:37:14,399 - Training with seeds: [42, 123, 456]
2025-02-28 08:37:14,399 - 
Training with seed 42
2025-02-28 08:37:14,792 - Seed 42, Epoch 10/100:
2025-02-28 08:37:14,793 - Model f - Loss: 0.7694, Test Acc: 0.7505
2025-02-28 08:37:14,793 - Model g - Loss: 0.8831, Test Acc: 0.7123
2025-02-28 08:37:15,169 - Seed 42, Epoch 20/100:
2025-02-28 08:37:15,169 - Model f - Loss: 0.2353, Test Acc: 0.8652
2025-02-28 08:37:15,169 - Model g - Loss: 0.2710, Test Acc: 0.8511
2025-02-28 08:37:15,518 - Seed 42, Epoch 30/100:
2025-02-28 08:37:15,518 - Model f - Loss: 0.1488, Test Acc: 0.8592
2025-02-28 08:37:15,518 - Model g - Loss: 0.1794, Test Acc: 0.8592
2025-02-28 08:37:15,868 - Seed 42, Epoch 40/100:
2025-02-28 08:37:15,868 - Model f - Loss: 0.0972, Test Acc: 0.8632
2025-02-28 08:37:15,868 - Model g - Loss: 0.1188, Test Acc: 0.8531
2025-02-28 08:37:16,255 - Seed 42, Epoch 50/100:
2025-02-28 08:37:16,255 - Model f - Loss: 0.0746, Test Acc: 0.8571
2025-02-28 08:37:16,255 - Model g - Loss: 0.0919, Test Acc: 0.8632
2025-02-28 08:37:16,642 - Seed 42, Epoch 60/100:
2025-02-28 08:37:16,642 - Model f - Loss: 0.0654, Test Acc: 0.8612
2025-02-28 08:37:16,642 - Model g - Loss: 0.0776, Test Acc: 0.8592
2025-02-28 08:37:16,968 - Seed 42, Epoch 70/100:
2025-02-28 08:37:16,968 - Model f - Loss: 0.0570, Test Acc: 0.8592
2025-02-28 08:37:16,968 - Model g - Loss: 0.0768, Test Acc: 0.8551
2025-02-28 08:37:17,325 - Seed 42, Epoch 80/100:
2025-02-28 08:37:17,325 - Model f - Loss: 0.0501, Test Acc: 0.8592
2025-02-28 08:37:17,325 - Model g - Loss: 0.0655, Test Acc: 0.8571
2025-02-28 08:37:17,651 - Seed 42, Epoch 90/100:
2025-02-28 08:37:17,652 - Model f - Loss: 0.0445, Test Acc: 0.8571
2025-02-28 08:37:17,652 - Model g - Loss: 0.0546, Test Acc: 0.8531
2025-02-28 08:37:18,011 - Seed 42, Epoch 100/100:
2025-02-28 08:37:18,011 - Model f - Loss: 0.0397, Test Acc: 0.8491
2025-02-28 08:37:18,011 - Model g - Loss: 0.0506, Test Acc: 0.8571
2025-02-28 08:37:18,011 - 
Seed 42 Results:
2025-02-28 08:37:18,011 - Best Model f Test Accuracy: 0.8672
2025-02-28 08:37:18,011 - Best Model g Test Accuracy: 0.8672
2025-02-28 08:37:18,011 - 
Training with seed 123
2025-02-28 08:37:18,384 - Seed 123, Epoch 10/100:
2025-02-28 08:37:18,384 - Model f - Loss: 0.7815, Test Acc: 0.7364
2025-02-28 08:37:18,384 - Model g - Loss: 0.9830, Test Acc: 0.6358
2025-02-28 08:37:18,758 - Seed 123, Epoch 20/100:
2025-02-28 08:37:18,758 - Model f - Loss: 0.2201, Test Acc: 0.8712
2025-02-28 08:37:18,758 - Model g - Loss: 0.4054, Test Acc: 0.8249
2025-02-28 08:37:19,202 - Seed 123, Epoch 30/100:
2025-02-28 08:37:19,202 - Model f - Loss: 0.1262, Test Acc: 0.8571
2025-02-28 08:37:19,202 - Model g - Loss: 0.2032, Test Acc: 0.8451
2025-02-28 08:37:19,840 - Seed 123, Epoch 40/100:
2025-02-28 08:37:19,840 - Model f - Loss: 0.0864, Test Acc: 0.8612
2025-02-28 08:37:19,840 - Model g - Loss: 0.1668, Test Acc: 0.8551
2025-02-28 08:37:20,376 - Seed 123, Epoch 50/100:
2025-02-28 08:37:20,376 - Model f - Loss: 0.0678, Test Acc: 0.8592
2025-02-28 08:37:20,376 - Model g - Loss: 0.1221, Test Acc: 0.8612
2025-02-28 08:37:20,691 - Seed 123, Epoch 60/100:
2025-02-28 08:37:20,691 - Model f - Loss: 0.0580, Test Acc: 0.8531
2025-02-28 08:37:20,691 - Model g - Loss: 0.1050, Test Acc: 0.8652
2025-02-28 08:37:21,014 - Seed 123, Epoch 70/100:
2025-02-28 08:37:21,014 - Model f - Loss: 0.0512, Test Acc: 0.8592
2025-02-28 08:37:21,014 - Model g - Loss: 0.0896, Test Acc: 0.8612
2025-02-28 08:37:21,349 - Seed 123, Epoch 80/100:
2025-02-28 08:37:21,349 - Model f - Loss: 0.0451, Test Acc: 0.8531
2025-02-28 08:37:21,349 - Model g - Loss: 0.0777, Test Acc: 0.8652
2025-02-28 08:37:21,710 - Seed 123, Epoch 90/100:
2025-02-28 08:37:21,710 - Model f - Loss: 0.0401, Test Acc: 0.8471
2025-02-28 08:37:21,710 - Model g - Loss: 0.0665, Test Acc: 0.8632
2025-02-28 08:37:22,107 - Seed 123, Epoch 100/100:
2025-02-28 08:37:22,107 - Model f - Loss: 0.0426, Test Acc: 0.8471
2025-02-28 08:37:22,107 - Model g - Loss: 0.0581, Test Acc: 0.8672
2025-02-28 08:37:22,107 - 
Seed 123 Results:
2025-02-28 08:37:22,107 - Best Model f Test Accuracy: 0.8712
2025-02-28 08:37:22,107 - Best Model g Test Accuracy: 0.8672
2025-02-28 08:37:22,108 - 
Training with seed 456
2025-02-28 08:37:22,738 - Seed 456, Epoch 10/100:
2025-02-28 08:37:22,738 - Model f - Loss: 0.7977, Test Acc: 0.7163
2025-02-28 08:37:22,738 - Model g - Loss: 0.9153, Test Acc: 0.7183
2025-02-28 08:37:23,134 - Seed 456, Epoch 20/100:
2025-02-28 08:37:23,134 - Model f - Loss: 0.2289, Test Acc: 0.8652
2025-02-28 08:37:23,134 - Model g - Loss: 0.2796, Test Acc: 0.8531
2025-02-28 08:37:23,514 - Seed 456, Epoch 30/100:
2025-02-28 08:37:23,514 - Model f - Loss: 0.1525, Test Acc: 0.8511
2025-02-28 08:37:23,514 - Model g - Loss: 0.1617, Test Acc: 0.8471
2025-02-28 08:37:23,835 - Seed 456, Epoch 40/100:
2025-02-28 08:37:23,835 - Model f - Loss: 0.0878, Test Acc: 0.8511
2025-02-28 08:37:23,835 - Model g - Loss: 0.1122, Test Acc: 0.8612
2025-02-28 08:37:24,218 - Seed 456, Epoch 50/100:
2025-02-28 08:37:24,219 - Model f - Loss: 0.0723, Test Acc: 0.8612
2025-02-28 08:37:24,219 - Model g - Loss: 0.0894, Test Acc: 0.8672
2025-02-28 08:37:24,537 - Seed 456, Epoch 60/100:
2025-02-28 08:37:24,538 - Model f - Loss: 0.0632, Test Acc: 0.8571
2025-02-28 08:37:24,538 - Model g - Loss: 0.0801, Test Acc: 0.8531
2025-02-28 08:37:24,893 - Seed 456, Epoch 70/100:
2025-02-28 08:37:24,893 - Model f - Loss: 0.0552, Test Acc: 0.8471
2025-02-28 08:37:24,893 - Model g - Loss: 0.0684, Test Acc: 0.8551
2025-02-28 08:37:25,254 - Seed 456, Epoch 80/100:
2025-02-28 08:37:25,254 - Model f - Loss: 0.0490, Test Acc: 0.8390
2025-02-28 08:37:25,254 - Model g - Loss: 0.0615, Test Acc: 0.8592
2025-02-28 08:37:25,591 - Seed 456, Epoch 90/100:
2025-02-28 08:37:25,591 - Model f - Loss: 0.1095, Test Acc: 0.8290
2025-02-28 08:37:25,591 - Model g - Loss: 0.0549, Test Acc: 0.8571
2025-02-28 08:37:25,904 - Seed 456, Epoch 100/100:
2025-02-28 08:37:25,905 - Model f - Loss: 0.0441, Test Acc: 0.8491
2025-02-28 08:37:25,905 - Model g - Loss: 0.0488, Test Acc: 0.8551
2025-02-28 08:37:25,905 - 
Seed 456 Results:
2025-02-28 08:37:25,905 - Best Model f Test Accuracy: 0.8692
2025-02-28 08:37:25,905 - Best Model g Test Accuracy: 0.8732
2025-02-28 08:37:25,905 - 
Overall Results:
2025-02-28 08:37:25,905 - Model f - Avg Test Acc: 0.8692 ± 0.0016
2025-02-28 08:37:25,905 - Model g - Avg Test Acc: 0.8692 ± 0.0028
2025-02-28 08:37:25,908 - 
Saved models closest to mean accuracy:
2025-02-28 08:37:25,908 - Model f - Test Acc: 0.8692
2025-02-28 08:37:25,908 - Model g - Test Acc: 0.8672
2025-02-28 08:37:25,911 - 
Loading saved models...
2025-02-28 08:37:25,926 - Models loaded successfully
2025-02-28 08:37:25,926 - 
Calculating memorization scores...
2025-02-28 08:37:25,926 - 
Using embeddings from: Layer 0
2025-02-28 08:38:35,617 - Average memorization score for shared nodes (layer 0): 0.2121
2025-02-28 08:39:10,260 - Average memorization score for candidate nodes (layer 0): 0.3100
2025-02-28 08:39:45,933 - Average memorization score for independent nodes (layer 0): 0.2614
2025-02-28 08:40:20,219 - Average memorization score for extra nodes (layer 0): 0.3371
2025-02-28 08:40:20,223 - Average memorization score for shared nodes: 0.2121
2025-02-28 08:40:20,223 - Average memorization score for candidate nodes: 0.3100
2025-02-28 08:40:20,223 - Average memorization score for independent nodes: 0.2614
2025-02-28 08:40:20,223 - Average memorization score for extra nodes: 0.3371
2025-02-28 08:40:21,102 - Basic memorization plot saved to: results/Cora/Cora_0emblayerflip_0.09_20250228_084020.png
2025-02-28 08:40:21,102 - 
Running post-hoc analyses...
2025-02-28 08:40:52,088 - 
Analysis Results:
2025-02-28 08:40:52,088 - - Visualization saved to: results/Cora/analysis_20250228_084020/node_visualization.png
2025-02-28 08:40:52,088 - - Score clustering correlation: 0.009
2025-02-28 08:40:52,088 - - Score clustering p-value: 0.691
2025-02-28 08:40:52,088 - 
Node Label Informativeness Analysis:
2025-02-28 08:40:52,088 - 
shared nodes:
2025-02-28 08:40:52,088 -   Average NLI score: 0.267
2025-02-28 08:40:52,088 - 
candidate nodes:
2025-02-28 08:40:52,088 -   Average NLI score: 0.321
2025-02-28 08:40:52,088 - 
independent nodes:
2025-02-28 08:40:52,088 -   Average NLI score: 0.218
2025-02-28 08:40:52,088 - 
extra nodes:
2025-02-28 08:40:52,088 -   Average NLI score: 0.285
2025-02-28 08:40:52,088 - 
NLI-Memorization Correlations:
2025-02-28 08:40:52,088 - shared:
2025-02-28 08:40:52,088 -   Correlation: -0.127
2025-02-28 08:40:52,088 -   P-value: 0.000
2025-02-28 08:40:52,089 - candidate:
2025-02-28 08:40:52,089 -   Correlation: -0.161
2025-02-28 08:40:52,089 -   P-value: 0.002
2025-02-28 08:40:52,089 - independent:
2025-02-28 08:40:52,089 -   Correlation: -0.161
2025-02-28 08:40:52,089 -   P-value: 0.002
2025-02-28 08:40:52,089 - extra:
2025-02-28 08:40:52,089 -   Correlation: -0.304
2025-02-28 08:40:52,089 -   P-value: 0.000
2025-02-28 08:40:52,089 - 
Structural Properties Analysis:
2025-02-28 08:40:52,089 - 
shared nodes:
2025-02-28 08:40:52,089 -   degree:
2025-02-28 08:40:52,089 -     Mean: 4.169
2025-02-28 08:40:52,089 -     Std:  6.925
2025-02-28 08:40:52,089 -     Median: 3.000
2025-02-28 08:40:52,089 -   clustering:
2025-02-28 08:40:52,089 -     Mean: 0.238
2025-02-28 08:40:52,089 -     Std:  0.309
2025-02-28 08:40:52,089 -     Median: 0.100
2025-02-28 08:40:52,089 -   betweenness:
2025-02-28 08:40:52,089 -     Mean: 0.002
2025-02-28 08:40:52,089 -     Std:  0.011
2025-02-28 08:40:52,089 -     Median: 0.001
2025-02-28 08:40:52,089 -   neighborhood_diversity:
2025-02-28 08:40:52,089 -     Mean: 0.629
2025-02-28 08:40:52,089 -     Std:  0.274
2025-02-28 08:40:52,089 -     Median: 0.500
2025-02-28 08:40:52,089 -   memorization_scores:
2025-02-28 08:40:52,089 -     Mean: 0.212
2025-02-28 08:40:52,089 -     Std:  0.122
2025-02-28 08:40:52,089 -     Median: 0.191
2025-02-28 08:40:52,089 -   neighborhood_memorization:
2025-02-28 08:40:52,089 -     Mean: 0.183
2025-02-28 08:40:52,089 -     Std:  0.101
2025-02-28 08:40:52,089 -     Median: 0.167
2025-02-28 08:40:52,089 - 
candidate nodes:
2025-02-28 08:40:52,089 -   degree:
2025-02-28 08:40:52,089 -     Mean: 4.308
2025-02-28 08:40:52,089 -     Std:  5.065
2025-02-28 08:40:52,089 -     Median: 3.000
2025-02-28 08:40:52,089 -   clustering:
2025-02-28 08:40:52,089 -     Mean: 0.275
2025-02-28 08:40:52,089 -     Std:  0.328
2025-02-28 08:40:52,089 -     Median: 0.167
2025-02-28 08:40:52,089 -   betweenness:
2025-02-28 08:40:52,089 -     Mean: 0.002
2025-02-28 08:40:52,089 -     Std:  0.007
2025-02-28 08:40:52,089 -     Median: 0.001
2025-02-28 08:40:52,089 -   neighborhood_diversity:
2025-02-28 08:40:52,090 -     Mean: 0.651
2025-02-28 08:40:52,090 -     Std:  0.276
2025-02-28 08:40:52,090 -     Median: 0.500
2025-02-28 08:40:52,090 -   memorization_scores:
2025-02-28 08:40:52,090 -     Mean: 0.310
2025-02-28 08:40:52,090 -     Std:  0.180
2025-02-28 08:40:52,090 -     Median: 0.288
2025-02-28 08:40:52,090 -   neighborhood_memorization:
2025-02-28 08:40:52,090 -     Mean: 0.162
2025-02-28 08:40:52,090 -     Std:  0.098
2025-02-28 08:40:52,090 -     Median: 0.148
2025-02-28 08:40:52,090 - 
independent nodes:
2025-02-28 08:40:52,090 -   degree:
2025-02-28 08:40:52,090 -     Mean: 3.424
2025-02-28 08:40:52,090 -     Std:  3.118
2025-02-28 08:40:52,090 -     Median: 3.000
2025-02-28 08:40:52,090 -   clustering:
2025-02-28 08:40:52,090 -     Mean: 0.228
2025-02-28 08:40:52,090 -     Std:  0.331
2025-02-28 08:40:52,090 -     Median: 0.000
2025-02-28 08:40:52,090 -   betweenness:
2025-02-28 08:40:52,090 -     Mean: 0.001
2025-02-28 08:40:52,090 -     Std:  0.006
2025-02-28 08:40:52,090 -     Median: 0.000
2025-02-28 08:40:52,090 -   neighborhood_diversity:
2025-02-28 08:40:52,090 -     Mean: 0.567
2025-02-28 08:40:52,090 -     Std:  0.264
2025-02-28 08:40:52,090 -     Median: 0.500
2025-02-28 08:40:52,090 -   memorization_scores:
2025-02-28 08:40:52,090 -     Mean: 0.261
2025-02-28 08:40:52,090 -     Std:  0.153
2025-02-28 08:40:52,090 -     Median: 0.237
2025-02-28 08:40:52,090 -   neighborhood_memorization:
2025-02-28 08:40:52,090 -     Mean: 0.191
2025-02-28 08:40:52,090 -     Std:  0.097
2025-02-28 08:40:52,090 -     Median: 0.177
2025-02-28 08:40:52,090 - 
extra nodes:
2025-02-28 08:40:52,090 -   degree:
2025-02-28 08:40:52,090 -     Mean: 4.517
2025-02-28 08:40:52,090 -     Std:  5.166
2025-02-28 08:40:52,090 -     Median: 3.000
2025-02-28 08:40:52,090 -   clustering:
2025-02-28 08:40:52,090 -     Mean: 0.229
2025-02-28 08:40:52,090 -     Std:  0.298
2025-02-28 08:40:52,090 -     Median: 0.125
2025-02-28 08:40:52,090 -   betweenness:
2025-02-28 08:40:52,090 -     Mean: 0.003
2025-02-28 08:40:52,090 -     Std:  0.010
2025-02-28 08:40:52,090 -     Median: 0.001
2025-02-28 08:40:52,090 -   neighborhood_diversity:
2025-02-28 08:40:52,090 -     Mean: 0.635
2025-02-28 08:40:52,090 -     Std:  0.280
2025-02-28 08:40:52,090 -     Median: 0.500
2025-02-28 08:40:52,090 -   memorization_scores:
2025-02-28 08:40:52,091 -     Mean: 0.337
2025-02-28 08:40:52,091 -     Std:  0.195
2025-02-28 08:40:52,091 -     Median: 0.291
2025-02-28 08:40:52,091 -   neighborhood_memorization:
2025-02-28 08:40:52,091 -     Mean: 0.179
2025-02-28 08:40:52,091 -     Std:  0.098
2025-02-28 08:40:52,091 -     Median: 0.169
2025-02-28 08:40:52,091 - 
Statistical Test Results:
2025-02-28 08:40:52,091 - 
shared_vs_candidate:
2025-02-28 08:40:52,091 -   t-statistic: -10.729
2025-02-28 08:40:52,091 -   p-value: 0.000
2025-02-28 08:40:52,091 -   effect size (Cohen's d): 0.638
2025-02-28 08:40:52,091 -   mean difference: -0.098
2025-02-28 08:40:52,091 - 
shared_vs_independent:
2025-02-28 08:40:52,091 -   t-statistic: -5.840
2025-02-28 08:40:52,091 -   p-value: 0.000
2025-02-28 08:40:52,091 -   effect size (Cohen's d): 0.357
2025-02-28 08:40:52,091 -   mean difference: -0.049
2025-02-28 08:40:52,091 - 
shared_vs_extra:
2025-02-28 08:40:52,091 -   t-statistic: -13.114
2025-02-28 08:40:52,091 -   p-value: 0.000
2025-02-28 08:40:52,091 -   effect size (Cohen's d): 0.770
2025-02-28 08:40:52,091 -   mean difference: -0.125
2025-02-28 08:40:52,091 - 
candidate_vs_independent:
2025-02-28 08:40:52,091 -   t-statistic: 3.973
2025-02-28 08:40:52,091 -   p-value: 0.000
2025-02-28 08:40:52,091 -   effect size (Cohen's d): 0.291
2025-02-28 08:40:52,091 -   mean difference: 0.049
2025-02-28 08:40:52,091 - 
candidate_vs_extra:
2025-02-28 08:40:52,091 -   t-statistic: -1.971
2025-02-28 08:40:52,091 -   p-value: 0.049
2025-02-28 08:40:52,091 -   effect size (Cohen's d): 0.145
2025-02-28 08:40:52,091 -   mean difference: -0.027
2025-02-28 08:40:52,091 - 
independent_vs_extra:
2025-02-28 08:40:52,091 -   t-statistic: -5.896
2025-02-28 08:40:52,091 -   p-value: 0.000
2025-02-28 08:40:52,091 -   effect size (Cohen's d): 0.432
2025-02-28 08:40:52,091 -   mean difference: -0.076
2025-02-28 08:40:52,091 - 
Memorization score decay with distance from candidate nodes:
2025-02-28 08:40:52,091 -   Distance 1: 0.179
2025-02-28 08:40:52,091 -   Distance 2: 0.229
2025-02-28 08:40:52,091 -   Distance 3: 0.223
2025-02-28 08:40:52,091 -   Distance 4: 0.238
2025-02-28 08:40:52,091 -   Distance 5: 0.251
