2025-02-28 08:55:30,169 - Using device: cpu
2025-02-28 08:55:30,190 - 
Augmentation Configuration:
2025-02-28 08:55:30,190 - Augmentation Type: flip
2025-02-28 08:55:30,190 - Number of Augmentations: 5
2025-02-28 08:55:30,190 - Feature Flip Rate: 0.75
2025-02-28 08:55:30,190 - 
Dataset Information:
2025-02-28 08:55:30,190 - Dataset Name: Cora
2025-02-28 08:55:30,190 - Number of Nodes: 2485
2025-02-28 08:55:30,190 - Number of Edges: 10138
2025-02-28 08:55:30,190 - Number of Features: 1433
2025-02-28 08:55:30,194 - Number of Classes: 7
2025-02-28 08:55:30,194 - 
Partition Statistics:
2025-02-28 08:55:30,195 - Total train+val nodes: 1491
2025-02-28 08:55:30,196 - Shared: 745 nodes
2025-02-28 08:55:30,196 - Candidate: 373 nodes
2025-02-28 08:55:30,196 - Independent: 373 nodes
2025-02-28 08:55:30,196 - Extra test nodes: 373 nodes
2025-02-28 08:55:30,196 - Test set: 497 nodes
2025-02-28 08:55:30,196 - 
Data Leakage Check:
2025-02-28 08:55:30,196 - ✓ No overlap between candidate and independent sets
2025-02-28 08:55:30,196 - 
Training Set Information:
2025-02-28 08:55:30,196 - Model f training on 1118 nodes:
2025-02-28 08:55:30,196 - - 745 shared nodes: [0, 1, 6, 7, 10]...
2025-02-28 08:55:30,196 - - 373 candidate nodes: [1268, 1269, 1270, 1271, 1273]...
2025-02-28 08:55:30,196 - 
Model g training on 1118 nodes:
2025-02-28 08:55:30,196 - - 745 shared nodes: [0, 1, 6, 7, 10]...
2025-02-28 08:55:30,196 - - 373 independent nodes: [1888, 1889, 1890, 1894, 1895]...
2025-02-28 08:55:30,198 - 
Model Architecture Details:
2025-02-28 08:55:30,198 - Model Type: GCN
2025-02-28 08:55:30,198 - Input Features: 1433
2025-02-28 08:55:30,198 - Hidden Dimensions: 32
2025-02-28 08:55:30,198 - Number of Layers: 4
2025-02-28 08:55:30,198 - Output Classes: 7
2025-02-28 08:55:30,198 - Training with seeds: [42, 123, 456]
2025-02-28 08:55:30,199 - 
Training with seed 42
2025-02-28 08:55:30,562 - Seed 42, Epoch 10/100:
2025-02-28 08:55:30,562 - Model f - Loss: 0.7694, Test Acc: 0.7505
2025-02-28 08:55:30,562 - Model g - Loss: 0.8831, Test Acc: 0.7123
2025-02-28 08:55:30,885 - Seed 42, Epoch 20/100:
2025-02-28 08:55:30,886 - Model f - Loss: 0.2353, Test Acc: 0.8652
2025-02-28 08:55:30,886 - Model g - Loss: 0.2710, Test Acc: 0.8511
2025-02-28 08:55:31,216 - Seed 42, Epoch 30/100:
2025-02-28 08:55:31,216 - Model f - Loss: 0.1488, Test Acc: 0.8592
2025-02-28 08:55:31,216 - Model g - Loss: 0.1794, Test Acc: 0.8592
2025-02-28 08:55:31,531 - Seed 42, Epoch 40/100:
2025-02-28 08:55:31,531 - Model f - Loss: 0.0972, Test Acc: 0.8632
2025-02-28 08:55:31,531 - Model g - Loss: 0.1188, Test Acc: 0.8531
2025-02-28 08:55:31,911 - Seed 42, Epoch 50/100:
2025-02-28 08:55:31,911 - Model f - Loss: 0.0746, Test Acc: 0.8571
2025-02-28 08:55:31,911 - Model g - Loss: 0.0919, Test Acc: 0.8632
2025-02-28 08:55:32,300 - Seed 42, Epoch 60/100:
2025-02-28 08:55:32,300 - Model f - Loss: 0.0654, Test Acc: 0.8612
2025-02-28 08:55:32,300 - Model g - Loss: 0.0776, Test Acc: 0.8592
2025-02-28 08:55:32,657 - Seed 42, Epoch 70/100:
2025-02-28 08:55:32,657 - Model f - Loss: 0.0570, Test Acc: 0.8592
2025-02-28 08:55:32,657 - Model g - Loss: 0.0768, Test Acc: 0.8551
2025-02-28 08:55:33,052 - Seed 42, Epoch 80/100:
2025-02-28 08:55:33,052 - Model f - Loss: 0.0501, Test Acc: 0.8592
2025-02-28 08:55:33,052 - Model g - Loss: 0.0655, Test Acc: 0.8571
2025-02-28 08:55:33,603 - Seed 42, Epoch 90/100:
2025-02-28 08:55:33,603 - Model f - Loss: 0.0445, Test Acc: 0.8571
2025-02-28 08:55:33,603 - Model g - Loss: 0.0546, Test Acc: 0.8531
2025-02-28 08:55:33,933 - Seed 42, Epoch 100/100:
2025-02-28 08:55:33,933 - Model f - Loss: 0.0397, Test Acc: 0.8491
2025-02-28 08:55:33,933 - Model g - Loss: 0.0506, Test Acc: 0.8571
2025-02-28 08:55:33,933 - 
Seed 42 Results:
2025-02-28 08:55:33,933 - Best Model f Test Accuracy: 0.8672
2025-02-28 08:55:33,933 - Best Model g Test Accuracy: 0.8672
2025-02-28 08:55:33,933 - 
Training with seed 123
2025-02-28 08:55:34,318 - Seed 123, Epoch 10/100:
2025-02-28 08:55:34,318 - Model f - Loss: 0.7815, Test Acc: 0.7364
2025-02-28 08:55:34,318 - Model g - Loss: 0.9830, Test Acc: 0.6358
2025-02-28 08:55:34,669 - Seed 123, Epoch 20/100:
2025-02-28 08:55:34,669 - Model f - Loss: 0.2201, Test Acc: 0.8712
2025-02-28 08:55:34,669 - Model g - Loss: 0.4054, Test Acc: 0.8249
2025-02-28 08:55:35,032 - Seed 123, Epoch 30/100:
2025-02-28 08:55:35,032 - Model f - Loss: 0.1262, Test Acc: 0.8571
2025-02-28 08:55:35,032 - Model g - Loss: 0.2032, Test Acc: 0.8451
2025-02-28 08:55:35,486 - Seed 123, Epoch 40/100:
2025-02-28 08:55:35,486 - Model f - Loss: 0.0864, Test Acc: 0.8612
2025-02-28 08:55:35,486 - Model g - Loss: 0.1668, Test Acc: 0.8551
2025-02-28 08:55:36,070 - Seed 123, Epoch 50/100:
2025-02-28 08:55:36,070 - Model f - Loss: 0.0678, Test Acc: 0.8592
2025-02-28 08:55:36,070 - Model g - Loss: 0.1221, Test Acc: 0.8612
2025-02-28 08:55:36,676 - Seed 123, Epoch 60/100:
2025-02-28 08:55:36,676 - Model f - Loss: 0.0580, Test Acc: 0.8531
2025-02-28 08:55:36,676 - Model g - Loss: 0.1050, Test Acc: 0.8652
2025-02-28 08:55:37,017 - Seed 123, Epoch 70/100:
2025-02-28 08:55:37,017 - Model f - Loss: 0.0512, Test Acc: 0.8592
2025-02-28 08:55:37,017 - Model g - Loss: 0.0896, Test Acc: 0.8612
2025-02-28 08:55:37,392 - Seed 123, Epoch 80/100:
2025-02-28 08:55:37,392 - Model f - Loss: 0.0451, Test Acc: 0.8531
2025-02-28 08:55:37,392 - Model g - Loss: 0.0777, Test Acc: 0.8652
2025-02-28 08:55:37,785 - Seed 123, Epoch 90/100:
2025-02-28 08:55:37,785 - Model f - Loss: 0.0401, Test Acc: 0.8471
2025-02-28 08:55:37,785 - Model g - Loss: 0.0665, Test Acc: 0.8632
2025-02-28 08:55:38,151 - Seed 123, Epoch 100/100:
2025-02-28 08:55:38,151 - Model f - Loss: 0.0426, Test Acc: 0.8471
2025-02-28 08:55:38,151 - Model g - Loss: 0.0581, Test Acc: 0.8672
2025-02-28 08:55:38,151 - 
Seed 123 Results:
2025-02-28 08:55:38,151 - Best Model f Test Accuracy: 0.8712
2025-02-28 08:55:38,151 - Best Model g Test Accuracy: 0.8672
2025-02-28 08:55:38,151 - 
Training with seed 456
2025-02-28 08:55:38,709 - Seed 456, Epoch 10/100:
2025-02-28 08:55:38,709 - Model f - Loss: 0.7977, Test Acc: 0.7163
2025-02-28 08:55:38,709 - Model g - Loss: 0.9153, Test Acc: 0.7183
2025-02-28 08:55:39,308 - Seed 456, Epoch 20/100:
2025-02-28 08:55:39,308 - Model f - Loss: 0.2289, Test Acc: 0.8652
2025-02-28 08:55:39,308 - Model g - Loss: 0.2796, Test Acc: 0.8531
2025-02-28 08:55:39,701 - Seed 456, Epoch 30/100:
2025-02-28 08:55:39,701 - Model f - Loss: 0.1525, Test Acc: 0.8511
2025-02-28 08:55:39,701 - Model g - Loss: 0.1617, Test Acc: 0.8471
2025-02-28 08:55:40,017 - Seed 456, Epoch 40/100:
2025-02-28 08:55:40,017 - Model f - Loss: 0.0878, Test Acc: 0.8511
2025-02-28 08:55:40,017 - Model g - Loss: 0.1122, Test Acc: 0.8612
2025-02-28 08:55:40,390 - Seed 456, Epoch 50/100:
2025-02-28 08:55:40,390 - Model f - Loss: 0.0723, Test Acc: 0.8612
2025-02-28 08:55:40,390 - Model g - Loss: 0.0894, Test Acc: 0.8672
2025-02-28 08:55:40,820 - Seed 456, Epoch 60/100:
2025-02-28 08:55:40,820 - Model f - Loss: 0.0632, Test Acc: 0.8571
2025-02-28 08:55:40,820 - Model g - Loss: 0.0801, Test Acc: 0.8531
2025-02-28 08:55:41,200 - Seed 456, Epoch 70/100:
2025-02-28 08:55:41,200 - Model f - Loss: 0.0552, Test Acc: 0.8471
2025-02-28 08:55:41,200 - Model g - Loss: 0.0684, Test Acc: 0.8551
2025-02-28 08:55:41,559 - Seed 456, Epoch 80/100:
2025-02-28 08:55:41,559 - Model f - Loss: 0.0490, Test Acc: 0.8390
2025-02-28 08:55:41,559 - Model g - Loss: 0.0615, Test Acc: 0.8592
2025-02-28 08:55:41,887 - Seed 456, Epoch 90/100:
2025-02-28 08:55:41,887 - Model f - Loss: 0.1095, Test Acc: 0.8290
2025-02-28 08:55:41,887 - Model g - Loss: 0.0549, Test Acc: 0.8571
2025-02-28 08:55:42,231 - Seed 456, Epoch 100/100:
2025-02-28 08:55:42,231 - Model f - Loss: 0.0441, Test Acc: 0.8491
2025-02-28 08:55:42,232 - Model g - Loss: 0.0488, Test Acc: 0.8551
2025-02-28 08:55:42,232 - 
Seed 456 Results:
2025-02-28 08:55:42,232 - Best Model f Test Accuracy: 0.8692
2025-02-28 08:55:42,232 - Best Model g Test Accuracy: 0.8732
2025-02-28 08:55:42,232 - 
Overall Results:
2025-02-28 08:55:42,232 - Model f - Avg Test Acc: 0.8692 ± 0.0016
2025-02-28 08:55:42,232 - Model g - Avg Test Acc: 0.8692 ± 0.0028
2025-02-28 08:55:42,236 - 
Saved models closest to mean accuracy:
2025-02-28 08:55:42,236 - Model f - Test Acc: 0.8692
2025-02-28 08:55:42,236 - Model g - Test Acc: 0.8672
2025-02-28 08:55:42,240 - 
Loading saved models...
2025-02-28 08:55:42,249 - Models loaded successfully
2025-02-28 08:55:42,250 - 
Calculating memorization scores...
2025-02-28 08:55:42,250 - 
Using embeddings from: Layer 1
2025-02-28 08:56:53,259 - Average memorization score for shared nodes (layer 1): 0.4819
2025-02-28 08:57:28,973 - Average memorization score for candidate nodes (layer 1): 0.4560
2025-02-28 08:58:06,568 - Average memorization score for independent nodes (layer 1): 0.5429
2025-02-28 08:58:42,095 - Average memorization score for extra nodes (layer 1): 0.5213
2025-02-28 08:58:42,098 - Average memorization score for shared nodes: 0.4819
2025-02-28 08:58:42,098 - Average memorization score for candidate nodes: 0.4560
2025-02-28 08:58:42,098 - Average memorization score for independent nodes: 0.5429
2025-02-28 08:58:42,098 - Average memorization score for extra nodes: 0.5213
2025-02-28 08:58:42,791 - Basic memorization plot saved to: results/Cora/Cora_1emblayerflip_0.75_20250228_085842.png
2025-02-28 08:58:42,791 - 
Running post-hoc analyses...
2025-02-28 08:59:14,505 - 
Analysis Results:
2025-02-28 08:59:14,506 - - Visualization saved to: results/Cora/analysis_20250228_085842/node_visualization.png
2025-02-28 08:59:14,506 - - Score clustering correlation: 0.549
2025-02-28 08:59:14,506 - - Score clustering p-value: 0.000
2025-02-28 08:59:14,506 - 
Node Label Informativeness Analysis:
2025-02-28 08:59:14,506 - 
shared nodes:
2025-02-28 08:59:14,506 -   Average NLI score: 0.267
2025-02-28 08:59:14,506 - 
candidate nodes:
2025-02-28 08:59:14,507 -   Average NLI score: 0.321
2025-02-28 08:59:14,507 - 
independent nodes:
2025-02-28 08:59:14,507 -   Average NLI score: 0.218
2025-02-28 08:59:14,507 - 
extra nodes:
2025-02-28 08:59:14,507 -   Average NLI score: 0.285
2025-02-28 08:59:14,507 - 
NLI-Memorization Correlations:
2025-02-28 08:59:14,507 - shared:
2025-02-28 08:59:14,507 -   Correlation: -0.278
2025-02-28 08:59:14,507 -   P-value: 0.000
2025-02-28 08:59:14,507 - candidate:
2025-02-28 08:59:14,507 -   Correlation: -0.329
2025-02-28 08:59:14,507 -   P-value: 0.000
2025-02-28 08:59:14,507 - independent:
2025-02-28 08:59:14,507 -   Correlation: -0.254
2025-02-28 08:59:14,507 -   P-value: 0.000
2025-02-28 08:59:14,507 - extra:
2025-02-28 08:59:14,507 -   Correlation: -0.390
2025-02-28 08:59:14,507 -   P-value: 0.000
2025-02-28 08:59:14,507 - 
Structural Properties Analysis:
2025-02-28 08:59:14,507 - 
shared nodes:
2025-02-28 08:59:14,507 -   degree:
2025-02-28 08:59:14,507 -     Mean: 4.169
2025-02-28 08:59:14,507 -     Std:  6.925
2025-02-28 08:59:14,507 -     Median: 3.000
2025-02-28 08:59:14,507 -   clustering:
2025-02-28 08:59:14,507 -     Mean: 0.238
2025-02-28 08:59:14,507 -     Std:  0.309
2025-02-28 08:59:14,507 -     Median: 0.100
2025-02-28 08:59:14,507 -   betweenness:
2025-02-28 08:59:14,507 -     Mean: 0.002
2025-02-28 08:59:14,507 -     Std:  0.011
2025-02-28 08:59:14,507 -     Median: 0.001
2025-02-28 08:59:14,507 -   neighborhood_diversity:
2025-02-28 08:59:14,507 -     Mean: 0.629
2025-02-28 08:59:14,507 -     Std:  0.274
2025-02-28 08:59:14,507 -     Median: 0.500
2025-02-28 08:59:14,507 -   memorization_scores:
2025-02-28 08:59:14,507 -     Mean: 0.482
2025-02-28 08:59:14,507 -     Std:  0.173
2025-02-28 08:59:14,507 -     Median: 0.457
2025-02-28 08:59:14,507 -   neighborhood_memorization:
2025-02-28 08:59:14,507 -     Mean: 0.501
2025-02-28 08:59:14,507 -     Std:  0.125
2025-02-28 08:59:14,507 -     Median: 0.484
2025-02-28 08:59:14,507 - 
candidate nodes:
2025-02-28 08:59:14,507 -   degree:
2025-02-28 08:59:14,507 -     Mean: 4.308
2025-02-28 08:59:14,507 -     Std:  5.065
2025-02-28 08:59:14,507 -     Median: 3.000
2025-02-28 08:59:14,507 -   clustering:
2025-02-28 08:59:14,508 -     Mean: 0.275
2025-02-28 08:59:14,508 -     Std:  0.328
2025-02-28 08:59:14,508 -     Median: 0.167
2025-02-28 08:59:14,508 -   betweenness:
2025-02-28 08:59:14,508 -     Mean: 0.002
2025-02-28 08:59:14,508 -     Std:  0.007
2025-02-28 08:59:14,508 -     Median: 0.001
2025-02-28 08:59:14,508 -   neighborhood_diversity:
2025-02-28 08:59:14,508 -     Mean: 0.651
2025-02-28 08:59:14,508 -     Std:  0.276
2025-02-28 08:59:14,508 -     Median: 0.500
2025-02-28 08:59:14,508 -   memorization_scores:
2025-02-28 08:59:14,508 -     Mean: 0.456
2025-02-28 08:59:14,508 -     Std:  0.165
2025-02-28 08:59:14,508 -     Median: 0.423
2025-02-28 08:59:14,508 -   neighborhood_memorization:
2025-02-28 08:59:14,508 -     Mean: 0.497
2025-02-28 08:59:14,508 -     Std:  0.117
2025-02-28 08:59:14,508 -     Median: 0.472
2025-02-28 08:59:14,508 - 
independent nodes:
2025-02-28 08:59:14,508 -   degree:
2025-02-28 08:59:14,508 -     Mean: 3.424
2025-02-28 08:59:14,508 -     Std:  3.118
2025-02-28 08:59:14,508 -     Median: 3.000
2025-02-28 08:59:14,508 -   clustering:
2025-02-28 08:59:14,508 -     Mean: 0.228
2025-02-28 08:59:14,508 -     Std:  0.331
2025-02-28 08:59:14,508 -     Median: 0.000
2025-02-28 08:59:14,508 -   betweenness:
2025-02-28 08:59:14,508 -     Mean: 0.001
2025-02-28 08:59:14,508 -     Std:  0.006
2025-02-28 08:59:14,508 -     Median: 0.000
2025-02-28 08:59:14,508 -   neighborhood_diversity:
2025-02-28 08:59:14,508 -     Mean: 0.567
2025-02-28 08:59:14,508 -     Std:  0.264
2025-02-28 08:59:14,508 -     Median: 0.500
2025-02-28 08:59:14,508 -   memorization_scores:
2025-02-28 08:59:14,508 -     Mean: 0.543
2025-02-28 08:59:14,508 -     Std:  0.191
2025-02-28 08:59:14,508 -     Median: 0.507
2025-02-28 08:59:14,508 -   neighborhood_memorization:
2025-02-28 08:59:14,508 -     Mean: 0.500
2025-02-28 08:59:14,508 -     Std:  0.130
2025-02-28 08:59:14,508 -     Median: 0.472
2025-02-28 08:59:14,508 - 
extra nodes:
2025-02-28 08:59:14,508 -   degree:
2025-02-28 08:59:14,508 -     Mean: 4.517
2025-02-28 08:59:14,508 -     Std:  5.166
2025-02-28 08:59:14,508 -     Median: 3.000
2025-02-28 08:59:14,509 -   clustering:
2025-02-28 08:59:14,509 -     Mean: 0.229
2025-02-28 08:59:14,509 -     Std:  0.298
2025-02-28 08:59:14,509 -     Median: 0.125
2025-02-28 08:59:14,509 -   betweenness:
2025-02-28 08:59:14,509 -     Mean: 0.003
2025-02-28 08:59:14,509 -     Std:  0.010
2025-02-28 08:59:14,509 -     Median: 0.001
2025-02-28 08:59:14,509 -   neighborhood_diversity:
2025-02-28 08:59:14,509 -     Mean: 0.635
2025-02-28 08:59:14,509 -     Std:  0.280
2025-02-28 08:59:14,509 -     Median: 0.500
2025-02-28 08:59:14,509 -   memorization_scores:
2025-02-28 08:59:14,509 -     Mean: 0.521
2025-02-28 08:59:14,509 -     Std:  0.188
2025-02-28 08:59:14,509 -     Median: 0.483
2025-02-28 08:59:14,509 -   neighborhood_memorization:
2025-02-28 08:59:14,509 -     Mean: 0.505
2025-02-28 08:59:14,509 -     Std:  0.134
2025-02-28 08:59:14,509 -     Median: 0.476
2025-02-28 08:59:14,509 - 
Statistical Test Results:
2025-02-28 08:59:14,509 - 
shared_vs_candidate:
2025-02-28 08:59:14,509 -   t-statistic: 2.394
2025-02-28 08:59:14,509 -   p-value: 0.017
2025-02-28 08:59:14,509 -   effect size (Cohen's d): 0.153
2025-02-28 08:59:14,509 -   mean difference: 0.026
2025-02-28 08:59:14,509 - 
shared_vs_independent:
2025-02-28 08:59:14,509 -   t-statistic: -5.354
2025-02-28 08:59:14,509 -   p-value: 0.000
2025-02-28 08:59:14,509 -   effect size (Cohen's d): 0.334
2025-02-28 08:59:14,509 -   mean difference: -0.061
2025-02-28 08:59:14,509 - 
shared_vs_extra:
2025-02-28 08:59:14,509 -   t-statistic: -3.482
2025-02-28 08:59:14,509 -   p-value: 0.001
2025-02-28 08:59:14,509 -   effect size (Cohen's d): 0.218
2025-02-28 08:59:14,509 -   mean difference: -0.039
2025-02-28 08:59:14,509 - 
candidate_vs_independent:
2025-02-28 08:59:14,509 -   t-statistic: -6.642
2025-02-28 08:59:14,509 -   p-value: 0.000
2025-02-28 08:59:14,509 -   effect size (Cohen's d): 0.487
2025-02-28 08:59:14,509 -   mean difference: -0.087
2025-02-28 08:59:14,509 - 
candidate_vs_extra:
2025-02-28 08:59:14,509 -   t-statistic: -5.046
2025-02-28 08:59:14,509 -   p-value: 0.000
2025-02-28 08:59:14,509 -   effect size (Cohen's d): 0.370
2025-02-28 08:59:14,509 -   mean difference: -0.065
2025-02-28 08:59:14,509 - 
independent_vs_extra:
2025-02-28 08:59:14,509 -   t-statistic: 1.557
2025-02-28 08:59:14,509 -   p-value: 0.120
2025-02-28 08:59:14,509 -   effect size (Cohen's d): 0.114
2025-02-28 08:59:14,510 -   mean difference: 0.022
2025-02-28 08:59:14,510 - 
Memorization score decay with distance from candidate nodes:
2025-02-28 08:59:14,510 -   Distance 1: 0.459
2025-02-28 08:59:14,510 -   Distance 2: 0.388
2025-02-28 08:59:14,510 -   Distance 3: 0.442
2025-02-28 08:59:14,510 -   Distance 4: 0.429
2025-02-28 08:59:14,510 -   Distance 5: 0.468
