2025-02-25 16:07:24,071 - Using device: cpu
2025-02-25 16:07:28,625 - Split sizes - Shared: 994, Candidate: 497, Independent: 497
2025-02-25 16:07:28,652 - Starting model training...
2025-02-25 16:07:28,957 - Epoch 10/100:
2025-02-25 16:07:28,957 - Model f - Loss: 0.6478, Test Acc: 0.8229
2025-02-25 16:07:28,957 - Model g - Loss: 0.5964, Test Acc: 0.8370
2025-02-25 16:07:29,253 - Epoch 20/100:
2025-02-25 16:07:29,253 - Model f - Loss: 0.2534, Test Acc: 0.8773
2025-02-25 16:07:29,253 - Model g - Loss: 0.2368, Test Acc: 0.8873
2025-02-25 16:07:29,633 - Epoch 30/100:
2025-02-25 16:07:29,633 - Model f - Loss: 0.1658, Test Acc: 0.8893
2025-02-25 16:07:29,633 - Model g - Loss: 0.1566, Test Acc: 0.8793
2025-02-25 16:07:29,917 - Epoch 40/100:
2025-02-25 16:07:29,917 - Model f - Loss: 0.1217, Test Acc: 0.8873
2025-02-25 16:07:29,917 - Model g - Loss: 0.1143, Test Acc: 0.8833
2025-02-25 16:07:30,232 - Epoch 50/100:
2025-02-25 16:07:30,232 - Model f - Loss: 0.0996, Test Acc: 0.8893
2025-02-25 16:07:30,232 - Model g - Loss: 0.0976, Test Acc: 0.8833
2025-02-25 16:07:30,717 - Epoch 60/100:
2025-02-25 16:07:30,718 - Model f - Loss: 0.0835, Test Acc: 0.8833
2025-02-25 16:07:30,718 - Model g - Loss: 0.0856, Test Acc: 0.8773
2025-02-25 16:07:31,222 - Epoch 70/100:
2025-02-25 16:07:31,223 - Model f - Loss: 0.0738, Test Acc: 0.8793
2025-02-25 16:07:31,223 - Model g - Loss: 0.0767, Test Acc: 0.8732
2025-02-25 16:07:31,713 - Epoch 80/100:
2025-02-25 16:07:31,713 - Model f - Loss: 0.0677, Test Acc: 0.8813
2025-02-25 16:07:31,713 - Model g - Loss: 0.0700, Test Acc: 0.8753
2025-02-25 16:07:32,047 - Epoch 90/100:
2025-02-25 16:07:32,047 - Model f - Loss: 0.0609, Test Acc: 0.8813
2025-02-25 16:07:32,047 - Model g - Loss: 0.0652, Test Acc: 0.8732
2025-02-25 16:07:32,686 - Epoch 100/100:
2025-02-25 16:07:32,686 - Model f - Loss: 0.0557, Test Acc: 0.8793
2025-02-25 16:07:32,686 - Model g - Loss: 0.0587, Test Acc: 0.8732
2025-02-25 16:07:32,688 - Models saved as f_model.pt and g_model.pt
2025-02-25 16:07:32,688 - 
Loading saved models...
2025-02-25 16:07:32,697 - Models loaded successfully
2025-02-25 16:07:32,697 - 
Calculating memorization scores...
2025-02-25 16:07:57,827 - Average memorization score is: -0.1063
2025-02-25 16:07:57,830 - Average memorization score: -0.1063
2025-02-25 16:07:57,830 - 
Generating visualization...
2025-02-25 16:07:58,274 - Plot saved to: results/Cora/memorization_Cora_20250225_160724.png
