2025-02-28 08:25:08,286 - Using device: cpu
2025-02-28 08:25:08,338 - 
Augmentation Configuration:
2025-02-28 08:25:08,338 - Augmentation Type: flip
2025-02-28 08:25:08,338 - Number of Augmentations: 5
2025-02-28 08:25:08,338 - Feature Flip Rate: 0.09
2025-02-28 08:25:08,338 - 
Dataset Information:
2025-02-28 08:25:08,338 - Dataset Name: Cora
2025-02-28 08:25:08,338 - Number of Nodes: 2485
2025-02-28 08:25:08,338 - Number of Edges: 10138
2025-02-28 08:25:08,338 - Number of Features: 1433
2025-02-28 08:25:08,345 - Number of Classes: 7
2025-02-28 08:25:08,346 - 
Partition Statistics:
2025-02-28 08:25:08,348 - Total train+val nodes: 1491
2025-02-28 08:25:08,349 - Shared: 745 nodes
2025-02-28 08:25:08,349 - Candidate: 373 nodes
2025-02-28 08:25:08,349 - Independent: 373 nodes
2025-02-28 08:25:08,349 - Extra test nodes: 373 nodes
2025-02-28 08:25:08,349 - Test set: 497 nodes
2025-02-28 08:25:08,349 - 
Data Leakage Check:
2025-02-28 08:25:08,349 - ✓ No overlap between candidate and independent sets
2025-02-28 08:25:08,349 - 
Training Set Information:
2025-02-28 08:25:08,349 - Model f training on 1118 nodes:
2025-02-28 08:25:08,349 - - 745 shared nodes: [0, 1, 6, 7, 10]...
2025-02-28 08:25:08,349 - - 373 candidate nodes: [1268, 1269, 1270, 1271, 1273]...
2025-02-28 08:25:08,349 - 
Model g training on 1118 nodes:
2025-02-28 08:25:08,349 - - 745 shared nodes: [0, 1, 6, 7, 10]...
2025-02-28 08:25:08,349 - - 373 independent nodes: [1888, 1889, 1890, 1894, 1895]...
2025-02-28 08:25:08,375 - 
Model Architecture Details:
2025-02-28 08:25:08,375 - Model Type: GCN
2025-02-28 08:25:08,375 - Input Features: 1433
2025-02-28 08:25:08,375 - Hidden Dimensions: 32
2025-02-28 08:25:08,375 - Number of Layers: 4
2025-02-28 08:25:08,375 - Output Classes: 7
2025-02-28 08:25:08,376 - 
Optimizer Settings:
2025-02-28 08:25:08,376 - Optimizer: Adam
2025-02-28 08:25:08,376 - Learning Rate: 0.01
2025-02-28 08:25:08,376 - Weight Decay: 0.0005
2025-02-28 08:25:08,376 - 
Starting model training...
2025-02-28 08:25:08,864 - Epoch 10/100:
2025-02-28 08:25:08,864 - Model f - Loss: 0.8696, Test Acc: 0.7103
2025-02-28 08:25:08,864 - Model g - Loss: 0.9073, Test Acc: 0.6258
2025-02-28 08:25:09,204 - Epoch 20/100:
2025-02-28 08:25:09,204 - Model f - Loss: 0.2834, Test Acc: 0.8551
2025-02-28 08:25:09,204 - Model g - Loss: 0.2769, Test Acc: 0.8551
2025-02-28 08:25:09,583 - Epoch 30/100:
2025-02-28 08:25:09,583 - Model f - Loss: 0.1484, Test Acc: 0.8390
2025-02-28 08:25:09,583 - Model g - Loss: 0.1633, Test Acc: 0.8390
2025-02-28 08:25:09,917 - Epoch 40/100:
2025-02-28 08:25:09,917 - Model f - Loss: 0.0948, Test Acc: 0.8531
2025-02-28 08:25:09,917 - Model g - Loss: 0.1165, Test Acc: 0.8551
2025-02-28 08:25:10,255 - Epoch 50/100:
2025-02-28 08:25:10,255 - Model f - Loss: 0.0707, Test Acc: 0.8531
2025-02-28 08:25:10,256 - Model g - Loss: 0.0960, Test Acc: 0.8632
2025-02-28 08:25:10,616 - Epoch 60/100:
2025-02-28 08:25:10,616 - Model f - Loss: 0.0592, Test Acc: 0.8511
2025-02-28 08:25:10,616 - Model g - Loss: 0.0821, Test Acc: 0.8592
2025-02-28 08:25:10,936 - Epoch 70/100:
2025-02-28 08:25:10,936 - Model f - Loss: 0.0525, Test Acc: 0.8431
2025-02-28 08:25:10,936 - Model g - Loss: 0.0830, Test Acc: 0.8592
2025-02-28 08:25:11,255 - Epoch 80/100:
2025-02-28 08:25:11,255 - Model f - Loss: 0.0472, Test Acc: 0.8390
2025-02-28 08:25:11,255 - Model g - Loss: 0.0676, Test Acc: 0.8632
2025-02-28 08:25:11,578 - Epoch 90/100:
2025-02-28 08:25:11,578 - Model f - Loss: 0.0422, Test Acc: 0.8390
2025-02-28 08:25:11,578 - Model g - Loss: 0.0548, Test Acc: 0.8632
2025-02-28 08:25:11,889 - Epoch 100/100:
2025-02-28 08:25:11,889 - Model f - Loss: 0.2519, Test Acc: 0.8471
2025-02-28 08:25:11,889 - Model g - Loss: 0.0567, Test Acc: 0.8551
2025-02-28 08:25:11,893 - Models saved as f_model.pt and g_model.pt
2025-02-28 08:25:11,893 - 
Loading saved models...
2025-02-28 08:25:11,902 - Models loaded successfully
2025-02-28 08:25:11,902 - 
Calculating memorization scores...
2025-02-28 08:25:11,902 - 
Using embeddings from: Layer 1
2025-02-28 08:26:28,201 - Average memorization score for shared nodes (layer 1): 0.3181
2025-02-28 08:27:05,405 - Average memorization score for candidate nodes (layer 1): 0.3629
2025-02-28 08:27:39,567 - Average memorization score for independent nodes (layer 1): 0.3904
2025-02-28 08:28:14,406 - Average memorization score for extra nodes (layer 1): 0.3543
2025-02-28 08:28:14,409 - Average memorization score for shared nodes: 0.3181
2025-02-28 08:28:14,409 - Average memorization score for candidate nodes: 0.3629
2025-02-28 08:28:14,409 - Average memorization score for independent nodes: 0.3904
2025-02-28 08:28:14,409 - Average memorization score for extra nodes: 0.3543
2025-02-28 08:28:15,201 - Basic memorization plot saved to: results/Cora/Cora_1emblayerflip_0.09_20250228_082814.png
2025-02-28 08:28:15,201 - 
Running post-hoc analyses...
2025-02-28 08:28:46,021 - 
Analysis Results:
2025-02-28 08:28:46,021 - - Visualization saved to: results/Cora/analysis_20250228_082814/node_visualization.png
2025-02-28 08:28:46,021 - - Score clustering correlation: 0.361
2025-02-28 08:28:46,021 - - Score clustering p-value: 0.000
2025-02-28 08:28:46,021 - 
Node Label Informativeness Analysis:
2025-02-28 08:28:46,021 - 
shared nodes:
2025-02-28 08:28:46,021 -   Average NLI score: 0.267
2025-02-28 08:28:46,021 - 
candidate nodes:
2025-02-28 08:28:46,021 -   Average NLI score: 0.321
2025-02-28 08:28:46,021 - 
independent nodes:
2025-02-28 08:28:46,021 -   Average NLI score: 0.218
2025-02-28 08:28:46,021 - 
extra nodes:
2025-02-28 08:28:46,021 -   Average NLI score: 0.285
2025-02-28 08:28:46,021 - 
NLI-Memorization Correlations:
2025-02-28 08:28:46,021 - shared:
2025-02-28 08:28:46,021 -   Correlation: -0.250
2025-02-28 08:28:46,021 -   P-value: 0.000
2025-02-28 08:28:46,021 - candidate:
2025-02-28 08:28:46,021 -   Correlation: -0.285
2025-02-28 08:28:46,021 -   P-value: 0.000
2025-02-28 08:28:46,021 - independent:
2025-02-28 08:28:46,022 -   Correlation: -0.278
2025-02-28 08:28:46,022 -   P-value: 0.000
2025-02-28 08:28:46,022 - extra:
2025-02-28 08:28:46,022 -   Correlation: -0.364
2025-02-28 08:28:46,022 -   P-value: 0.000
2025-02-28 08:28:46,022 - 
Structural Properties Analysis:
2025-02-28 08:28:46,022 - 
shared nodes:
2025-02-28 08:28:46,022 -   degree:
2025-02-28 08:28:46,022 -     Mean: 4.169
2025-02-28 08:28:46,022 -     Std:  6.925
2025-02-28 08:28:46,022 -     Median: 3.000
2025-02-28 08:28:46,022 -   clustering:
2025-02-28 08:28:46,022 -     Mean: 0.238
2025-02-28 08:28:46,022 -     Std:  0.309
2025-02-28 08:28:46,022 -     Median: 0.100
2025-02-28 08:28:46,022 -   betweenness:
2025-02-28 08:28:46,022 -     Mean: 0.002
2025-02-28 08:28:46,022 -     Std:  0.011
2025-02-28 08:28:46,022 -     Median: 0.001
2025-02-28 08:28:46,022 -   neighborhood_diversity:
2025-02-28 08:28:46,022 -     Mean: 0.629
2025-02-28 08:28:46,022 -     Std:  0.274
2025-02-28 08:28:46,022 -     Median: 0.500
2025-02-28 08:28:46,022 -   memorization_scores:
2025-02-28 08:28:46,022 -     Mean: 0.318
2025-02-28 08:28:46,022 -     Std:  0.149
2025-02-28 08:28:46,022 -     Median: 0.296
2025-02-28 08:28:46,022 -   neighborhood_memorization:
2025-02-28 08:28:46,022 -     Mean: 0.351
2025-02-28 08:28:46,022 -     Std:  0.115
2025-02-28 08:28:46,022 -     Median: 0.330
2025-02-28 08:28:46,022 - 
candidate nodes:
2025-02-28 08:28:46,022 -   degree:
2025-02-28 08:28:46,022 -     Mean: 4.308
2025-02-28 08:28:46,022 -     Std:  5.065
2025-02-28 08:28:46,022 -     Median: 3.000
2025-02-28 08:28:46,022 -   clustering:
2025-02-28 08:28:46,022 -     Mean: 0.275
2025-02-28 08:28:46,022 -     Std:  0.328
2025-02-28 08:28:46,022 -     Median: 0.167
2025-02-28 08:28:46,022 -   betweenness:
2025-02-28 08:28:46,022 -     Mean: 0.002
2025-02-28 08:28:46,022 -     Std:  0.007
2025-02-28 08:28:46,022 -     Median: 0.001
2025-02-28 08:28:46,022 -   neighborhood_diversity:
2025-02-28 08:28:46,022 -     Mean: 0.651
2025-02-28 08:28:46,022 -     Std:  0.276
2025-02-28 08:28:46,022 -     Median: 0.500
2025-02-28 08:28:46,022 -   memorization_scores:
2025-02-28 08:28:46,022 -     Mean: 0.363
2025-02-28 08:28:46,023 -     Std:  0.174
2025-02-28 08:28:46,023 -     Median: 0.329
2025-02-28 08:28:46,023 -   neighborhood_memorization:
2025-02-28 08:28:46,023 -     Mean: 0.347
2025-02-28 08:28:46,023 -     Std:  0.097
2025-02-28 08:28:46,023 -     Median: 0.336
2025-02-28 08:28:46,023 - 
independent nodes:
2025-02-28 08:28:46,023 -   degree:
2025-02-28 08:28:46,023 -     Mean: 3.424
2025-02-28 08:28:46,023 -     Std:  3.118
2025-02-28 08:28:46,023 -     Median: 3.000
2025-02-28 08:28:46,023 -   clustering:
2025-02-28 08:28:46,023 -     Mean: 0.228
2025-02-28 08:28:46,023 -     Std:  0.331
2025-02-28 08:28:46,023 -     Median: 0.000
2025-02-28 08:28:46,023 -   betweenness:
2025-02-28 08:28:46,023 -     Mean: 0.001
2025-02-28 08:28:46,023 -     Std:  0.006
2025-02-28 08:28:46,023 -     Median: 0.000
2025-02-28 08:28:46,023 -   neighborhood_diversity:
2025-02-28 08:28:46,023 -     Mean: 0.567
2025-02-28 08:28:46,023 -     Std:  0.264
2025-02-28 08:28:46,023 -     Median: 0.500
2025-02-28 08:28:46,023 -   memorization_scores:
2025-02-28 08:28:46,023 -     Mean: 0.390
2025-02-28 08:28:46,023 -     Std:  0.163
2025-02-28 08:28:46,023 -     Median: 0.376
2025-02-28 08:28:46,023 -   neighborhood_memorization:
2025-02-28 08:28:46,023 -     Mean: 0.350
2025-02-28 08:28:46,023 -     Std:  0.119
2025-02-28 08:28:46,023 -     Median: 0.333
2025-02-28 08:28:46,023 - 
extra nodes:
2025-02-28 08:28:46,023 -   degree:
2025-02-28 08:28:46,023 -     Mean: 4.517
2025-02-28 08:28:46,023 -     Std:  5.166
2025-02-28 08:28:46,023 -     Median: 3.000
2025-02-28 08:28:46,023 -   clustering:
2025-02-28 08:28:46,023 -     Mean: 0.229
2025-02-28 08:28:46,023 -     Std:  0.298
2025-02-28 08:28:46,023 -     Median: 0.125
2025-02-28 08:28:46,023 -   betweenness:
2025-02-28 08:28:46,023 -     Mean: 0.003
2025-02-28 08:28:46,023 -     Std:  0.010
2025-02-28 08:28:46,023 -     Median: 0.001
2025-02-28 08:28:46,023 -   neighborhood_diversity:
2025-02-28 08:28:46,023 -     Mean: 0.635
2025-02-28 08:28:46,023 -     Std:  0.280
2025-02-28 08:28:46,023 -     Median: 0.500
2025-02-28 08:28:46,023 -   memorization_scores:
2025-02-28 08:28:46,023 -     Mean: 0.354
2025-02-28 08:28:46,024 -     Std:  0.166
2025-02-28 08:28:46,024 -     Median: 0.328
2025-02-28 08:28:46,024 -   neighborhood_memorization:
2025-02-28 08:28:46,024 -     Mean: 0.351
2025-02-28 08:28:46,024 -     Std:  0.125
2025-02-28 08:28:46,024 -     Median: 0.327
2025-02-28 08:28:46,024 - 
Statistical Test Results:
2025-02-28 08:28:46,024 - 
shared_vs_candidate:
2025-02-28 08:28:46,024 -   t-statistic: -4.469
2025-02-28 08:28:46,024 -   p-value: 0.000
2025-02-28 08:28:46,024 -   effect size (Cohen's d): 0.276
2025-02-28 08:28:46,024 -   mean difference: -0.045
2025-02-28 08:28:46,024 - 
shared_vs_independent:
2025-02-28 08:28:46,024 -   t-statistic: -7.402
2025-02-28 08:28:46,024 -   p-value: 0.000
2025-02-28 08:28:46,024 -   effect size (Cohen's d): 0.463
2025-02-28 08:28:46,024 -   mean difference: -0.072
2025-02-28 08:28:46,024 - 
shared_vs_extra:
2025-02-28 08:28:46,024 -   t-statistic: -3.676
2025-02-28 08:28:46,024 -   p-value: 0.000
2025-02-28 08:28:46,024 -   effect size (Cohen's d): 0.229
2025-02-28 08:28:46,024 -   mean difference: -0.036
2025-02-28 08:28:46,024 - 
candidate_vs_independent:
2025-02-28 08:28:46,024 -   t-statistic: -2.224
2025-02-28 08:28:46,024 -   p-value: 0.026
2025-02-28 08:28:46,024 -   effect size (Cohen's d): 0.163
2025-02-28 08:28:46,024 -   mean difference: -0.027
2025-02-28 08:28:46,024 - 
candidate_vs_extra:
2025-02-28 08:28:46,024 -   t-statistic: 0.694
2025-02-28 08:28:46,024 -   p-value: 0.488
2025-02-28 08:28:46,024 -   effect size (Cohen's d): 0.051
2025-02-28 08:28:46,024 -   mean difference: 0.009
2025-02-28 08:28:46,024 - 
independent_vs_extra:
2025-02-28 08:28:46,024 -   t-statistic: 2.999
2025-02-28 08:28:46,024 -   p-value: 0.003
2025-02-28 08:28:46,024 -   effect size (Cohen's d): 0.220
2025-02-28 08:28:46,024 -   mean difference: 0.036
2025-02-28 08:28:46,024 - 
Memorization score decay with distance from candidate nodes:
2025-02-28 08:28:46,024 -   Distance 1: 0.321
2025-02-28 08:28:46,024 -   Distance 2: 0.263
2025-02-28 08:28:46,024 -   Distance 3: 0.302
2025-02-28 08:28:46,024 -   Distance 4: 0.296
2025-02-28 08:28:46,024 -   Distance 5: 0.325
